2019-02-13 14:24:02.025  INFO 50680 --- [main] e.s.a.backend.Se309RpgApplicationTests   : Starting Se309RpgApplicationTests on Jarvis with PID 50680 (started by maxwe in C:\Users\maxwe\Desktop\temp\team_53\Backend\se339-RPG)
2019-02-13 14:24:02.029  INFO 50680 --- [main] e.s.a.backend.Se309RpgApplicationTests   : No active profile set, falling back to default profiles: default
2019-02-13 14:24:03.191  INFO 50680 --- [main] .s.d.r.c.RepositoryConfigurationDelegate : Bootstrapping Spring Data repositories in DEFAULT mode.
2019-02-13 14:24:03.280  INFO 50680 --- [main] .s.d.r.c.RepositoryConfigurationDelegate : Finished Spring Data repository scanning in 78ms. Found 1 repository interfaces.
2019-02-13 14:24:03.814  INFO 50680 --- [main] trationDelegate$BeanPostProcessorChecker : Bean 'org.springframework.transaction.annotation.ProxyTransactionManagementConfiguration' of type [org.springframework.transaction.annotation.ProxyTransactionManagementConfiguration$$EnhancerBySpringCGLIB$$794f7e58] is not eligible for getting processed by all BeanPostProcessors (for example: not eligible for auto-proxying)
2019-02-13 14:24:04.098  INFO 50680 --- [main] com.zaxxer.hikari.HikariDataSource       : HikariPool-1 - Starting...
2019-02-13 14:24:04.398  INFO 50680 --- [main] com.zaxxer.hikari.HikariDataSource       : HikariPool-1 - Start completed.
2019-02-13 14:24:04.496  INFO 50680 --- [main] o.hibernate.jpa.internal.util.LogHelper  : HHH000204: Processing PersistenceUnitInfo [
	name: default
	...]
2019-02-13 14:24:04.663  INFO 50680 --- [main] org.hibernate.Version                    : HHH000412: Hibernate Core {5.3.7.Final}
2019-02-13 14:24:04.666  INFO 50680 --- [main] org.hibernate.cfg.Environment            : HHH000206: hibernate.properties not found
2019-02-13 14:24:04.948  INFO 50680 --- [main] o.hibernate.annotations.common.Version   : HCANN000001: Hibernate Commons Annotations {5.0.4.Final}
2019-02-13 14:24:05.439  INFO 50680 --- [main] org.hibernate.dialect.Dialect            : HHH000400: Using dialect: org.hibernate.dialect.MySQL5Dialect
2019-02-13 14:24:06.472  INFO 50680 --- [main] o.h.t.schema.internal.SchemaCreatorImpl  : HHH000476: Executing import script 'org.hibernate.tool.schema.internal.exec.ScriptSourceInputNonExistentImpl@656c5c3'
2019-02-13 14:24:06.476  INFO 50680 --- [main] j.LocalContainerEntityManagerFactoryBean : Initialized JPA EntityManagerFactory for persistence unit 'default'
2019-02-13 14:24:07.916  INFO 50680 --- [main] o.s.s.concurrent.ThreadPoolTaskExecutor  : Initializing ExecutorService 'applicationTaskExecutor'
2019-02-13 14:24:07.990  WARN 50680 --- [main] aWebConfiguration$JpaWebMvcConfiguration : spring.jpa.open-in-view is enabled by default. Therefore, database queries may be performed during view rendering. Explicitly configure spring.jpa.open-in-view to disable this warning
2019-02-13 14:24:09.011  INFO 50680 --- [main] o.s.b.a.e.web.EndpointLinksResolver      : Exposing 2 endpoint(s) beneath base path '/actuator'
2019-02-13 14:24:09.085  INFO 50680 --- [main] e.s.a.backend.Se309RpgApplicationTests   : Started Se309RpgApplicationTests in 7.401 seconds (JVM running for 8.449)
2019-02-13 14:24:09.346  INFO 50680 --- [Thread-5] o.s.s.concurrent.ThreadPoolTaskExecutor  : Shutting down ExecutorService 'applicationTaskExecutor'
2019-02-13 14:24:09.349  INFO 50680 --- [Thread-5] j.LocalContainerEntityManagerFactoryBean : Closing JPA EntityManagerFactory for persistence unit 'default'
2019-02-13 14:24:09.352  INFO 50680 --- [Thread-5] com.zaxxer.hikari.HikariDataSource       : HikariPool-1 - Shutdown initiated...
2019-02-13 14:24:09.357  INFO 50680 --- [Thread-5] com.zaxxer.hikari.HikariDataSource       : HikariPool-1 - Shutdown completed.
2019-02-13 14:29:38.828  INFO 29256 --- [restartedMain] e.se309.app.backend.Se309RpgApplication  : Starting Se309RpgApplication on Jarvis with PID 29256 (C:\Users\maxwe\Desktop\temp\team_53\Backend\se339-RPG\target\classes started by maxwe in C:\Users\maxwe\Desktop\temp\team_53\Backend\se339-RPG)
2019-02-13 14:29:38.830  INFO 29256 --- [restartedMain] e.se309.app.backend.Se309RpgApplication  : No active profile set, falling back to default profiles: default
2019-02-13 14:29:38.875  INFO 29256 --- [restartedMain] .e.DevToolsPropertyDefaultsPostProcessor : Devtools property defaults active! Set 'spring.devtools.add-properties' to 'false' to disable
2019-02-13 14:29:38.875  INFO 29256 --- [restartedMain] .e.DevToolsPropertyDefaultsPostProcessor : For additional web related logging consider setting the 'logging.level.web' property to 'DEBUG'
2019-02-13 14:29:39.888  INFO 29256 --- [restartedMain] .s.d.r.c.RepositoryConfigurationDelegate : Bootstrapping Spring Data repositories in DEFAULT mode.
2019-02-13 14:29:40.000  INFO 29256 --- [restartedMain] .s.d.r.c.RepositoryConfigurationDelegate : Finished Spring Data repository scanning in 100ms. Found 1 repository interfaces.
2019-02-13 14:29:40.434  INFO 29256 --- [restartedMain] trationDelegate$BeanPostProcessorChecker : Bean 'org.springframework.transaction.annotation.ProxyTransactionManagementConfiguration' of type [org.springframework.transaction.annotation.ProxyTransactionManagementConfiguration$$EnhancerBySpringCGLIB$$a51b2535] is not eligible for getting processed by all BeanPostProcessors (for example: not eligible for auto-proxying)
2019-02-13 14:29:40.892  INFO 29256 --- [restartedMain] o.s.b.w.embedded.tomcat.TomcatWebServer  : Tomcat initialized with port(s): 8080 (http)
2019-02-13 14:29:40.916  INFO 29256 --- [restartedMain] o.apache.catalina.core.StandardService   : Starting service [Tomcat]
2019-02-13 14:29:40.916  INFO 29256 --- [restartedMain] org.apache.catalina.core.StandardEngine  : Starting Servlet engine: [Apache Tomcat/9.0.14]
2019-02-13 14:29:40.930  INFO 29256 --- [restartedMain] o.a.catalina.core.AprLifecycleListener   : The APR based Apache Tomcat Native library which allows optimal performance in production environments was not found on the java.library.path: [C:\Program Files\Java\jre1.8.0_201\bin;C:\WINDOWS\Sun\Java\bin;C:\WINDOWS\system32;C:\WINDOWS;C:/Program Files/Java/jre1.8.0_201/bin/server;C:/Program Files/Java/jre1.8.0_201/bin;C:/Program Files/Java/jre1.8.0_201/lib/amd64;C:\Program Files (x86)\Common Files\Oracle\Java\javapath;C:\Program Files (x86)\Intel\iCLS Client\;C:\Program Files\Intel\iCLS Client\;C:\Windows\system32;C:\Windows;C:\Windows\System32\Wbem;C:\Windows\System32\WindowsPowerShell\v1.0\;C:\Program Files (x86)\NVIDIA Corporation\PhysX\Common;C:\WINDOWS\system32;C:\WINDOWS;C:\WINDOWS\System32\Wbem;C:\WINDOWS\System32\WindowsPowerShell\v1.0\;C:\WINDOWS\System32\OpenSSH\;C:\Program Files (x86)\Intel\Intel(R) Management Engine Components\DAL;C:\Program Files\Intel\Intel(R) Management Engine Components\DAL;C:\Program Files (x86)\Intel\Intel(R) Management Engine Components\IPT;C:\Program Files\Intel\Intel(R) Management Engine Components\IPT;C:\Users\maxwe\AppData\Local\Microsoft\WindowsApps;;C:\Users\maxwe\Desktop;;.]
2019-02-13 14:29:41.104  INFO 29256 --- [restartedMain] o.a.c.c.C.[Tomcat].[localhost].[/]       : Initializing Spring embedded WebApplicationContext
2019-02-13 14:29:41.104  INFO 29256 --- [restartedMain] o.s.web.context.ContextLoader            : Root WebApplicationContext: initialization completed in 2229 ms
2019-02-13 14:29:41.639  INFO 29256 --- [restartedMain] com.zaxxer.hikari.HikariDataSource       : HikariPool-1 - Starting...
2019-02-13 14:29:41.742  INFO 29256 --- [restartedMain] com.zaxxer.hikari.HikariDataSource       : HikariPool-1 - Start completed.
2019-02-13 14:29:41.785  INFO 29256 --- [restartedMain] o.hibernate.jpa.internal.util.LogHelper  : HHH000204: Processing PersistenceUnitInfo [
	name: default
	...]
2019-02-13 14:29:41.839  INFO 29256 --- [restartedMain] org.hibernate.Version                    : HHH000412: Hibernate Core {5.3.7.Final}
2019-02-13 14:29:41.841  INFO 29256 --- [restartedMain] org.hibernate.cfg.Environment            : HHH000206: hibernate.properties not found
2019-02-13 14:29:41.989  INFO 29256 --- [restartedMain] o.hibernate.annotations.common.Version   : HCANN000001: Hibernate Commons Annotations {5.0.4.Final}
2019-02-13 14:29:42.132  INFO 29256 --- [restartedMain] org.hibernate.dialect.Dialect            : HHH000400: Using dialect: org.hibernate.dialect.MySQL5Dialect
2019-02-13 14:29:42.734  INFO 29256 --- [restartedMain] o.h.t.schema.internal.SchemaCreatorImpl  : HHH000476: Executing import script 'org.hibernate.tool.schema.internal.exec.ScriptSourceInputNonExistentImpl@13f8831e'
2019-02-13 14:29:42.737  INFO 29256 --- [restartedMain] j.LocalContainerEntityManagerFactoryBean : Initialized JPA EntityManagerFactory for persistence unit 'default'
2019-02-13 14:29:42.779  INFO 29256 --- [restartedMain] o.s.b.d.a.OptionalLiveReloadServer       : LiveReload server is running on port 35729
2019-02-13 14:29:43.230  INFO 29256 --- [restartedMain] o.s.s.concurrent.ThreadPoolTaskExecutor  : Initializing ExecutorService 'applicationTaskExecutor'
2019-02-13 14:29:43.274  WARN 29256 --- [restartedMain] aWebConfiguration$JpaWebMvcConfiguration : spring.jpa.open-in-view is enabled by default. Therefore, database queries may be performed during view rendering. Explicitly configure spring.jpa.open-in-view to disable this warning
2019-02-13 14:29:43.578  INFO 29256 --- [restartedMain] o.s.b.a.e.web.EndpointLinksResolver      : Exposing 2 endpoint(s) beneath base path '/actuator'
2019-02-13 14:29:43.658  INFO 29256 --- [restartedMain] o.s.b.w.embedded.tomcat.TomcatWebServer  : Tomcat started on port(s): 8080 (http) with context path ''
2019-02-13 14:29:43.660  INFO 29256 --- [restartedMain] e.se309.app.backend.Se309RpgApplication  : Started Se309RpgApplication in 5.14 seconds (JVM running for 5.976)
2019-02-13 14:29:51.090  INFO 29256 --- [http-nio-8080-exec-1] o.a.c.c.C.[Tomcat].[localhost].[/]       : Initializing Spring DispatcherServlet 'dispatcherServlet'
2019-02-13 14:29:51.090  INFO 29256 --- [http-nio-8080-exec-1] o.s.web.servlet.DispatcherServlet        : Initializing Servlet 'dispatcherServlet'
2019-02-13 14:29:51.101  INFO 29256 --- [http-nio-8080-exec-1] o.s.web.servlet.DispatcherServlet        : Completed initialization in 11 ms
2019-02-13 14:29:58.367  INFO 29256 --- [http-nio-8080-exec-2] o.h.h.i.QueryTranslatorFactoryInitiator  : HHH000397: Using ASTQueryTranslatorFactory
2019-02-13 14:30:02.043  INFO 29256 --- [http-nio-8080-exec-4] e.s.a.b.monsterspawn.MonstersController  : Entered into Controller Layer
2019-02-13 14:30:02.312  INFO 29256 --- [http-nio-8080-exec-4] e.s.a.b.monsterspawn.MonstersController  : Number of Records Fetched:50
2019-02-13 14:30:05.737  WARN 29256 --- [http-nio-8080-exec-5] .w.s.m.s.DefaultHandlerExceptionResolver : Resolved [org.springframework.web.bind.MissingPathVariableException: Missing URI template variable 'monserId' for method parameter of type int]
2019-02-13 14:30:08.658  WARN 29256 --- [http-nio-8080-exec-6] .w.s.m.s.DefaultHandlerExceptionResolver : Resolved [org.springframework.web.bind.MissingPathVariableException: Missing URI template variable 'monserId' for method parameter of type int]
2019-02-13 14:30:12.878  INFO 29256 --- [http-nio-8080-exec-7] e.s.a.b.monsterspawn.MonstersController  : Entered into Controller Layer
2019-02-13 14:30:12.893  INFO 29256 --- [http-nio-8080-exec-7] e.s.a.b.monsterspawn.MonstersController  : Number of Records Fetched:50
2019-02-13 14:30:17.690  WARN 29256 --- [http-nio-8080-exec-8] .w.s.m.s.DefaultHandlerExceptionResolver : Resolved [org.springframework.web.bind.MissingPathVariableException: Missing URI template variable 'monserId' for method parameter of type int]
2019-02-13 14:31:04.340  INFO 29256 --- [RMI TCP Connection(9)-127.0.0.1] inMXBeanRegistrar$SpringApplicationAdmin : Application shutdown requested.
2019-02-13 14:31:04.351  INFO 29256 --- [RMI TCP Connection(9)-127.0.0.1] o.s.s.concurrent.ThreadPoolTaskExecutor  : Shutting down ExecutorService 'applicationTaskExecutor'
2019-02-13 14:31:04.353  INFO 29256 --- [RMI TCP Connection(9)-127.0.0.1] j.LocalContainerEntityManagerFactoryBean : Closing JPA EntityManagerFactory for persistence unit 'default'
2019-02-13 14:31:04.364  INFO 29256 --- [RMI TCP Connection(9)-127.0.0.1] com.zaxxer.hikari.HikariDataSource       : HikariPool-1 - Shutdown initiated...
2019-02-13 14:31:04.374  INFO 29256 --- [RMI TCP Connection(9)-127.0.0.1] com.zaxxer.hikari.HikariDataSource       : HikariPool-1 - Shutdown completed.
2019-02-13 14:31:20.693  INFO 46500 --- [main] e.s.a.backend.Se309RpgApplicationTests   : Starting Se309RpgApplicationTests on Jarvis with PID 46500 (started by maxwe in C:\Users\maxwe\Desktop\temp\team_53\Backend\se339-RPG)
2019-02-13 14:31:20.694  INFO 46500 --- [main] e.s.a.backend.Se309RpgApplicationTests   : No active profile set, falling back to default profiles: default
2019-02-13 14:31:21.719  INFO 46500 --- [main] .s.d.r.c.RepositoryConfigurationDelegate : Bootstrapping Spring Data repositories in DEFAULT mode.
2019-02-13 14:31:21.797  INFO 46500 --- [main] .s.d.r.c.RepositoryConfigurationDelegate : Finished Spring Data repository scanning in 68ms. Found 1 repository interfaces.
2019-02-13 14:31:22.341  INFO 46500 --- [main] trationDelegate$BeanPostProcessorChecker : Bean 'org.springframework.transaction.annotation.ProxyTransactionManagementConfiguration' of type [org.springframework.transaction.annotation.ProxyTransactionManagementConfiguration$$EnhancerBySpringCGLIB$$78ed9e77] is not eligible for getting processed by all BeanPostProcessors (for example: not eligible for auto-proxying)
2019-02-13 14:31:22.592  INFO 46500 --- [main] com.zaxxer.hikari.HikariDataSource       : HikariPool-1 - Starting...
2019-02-13 14:31:22.837  INFO 46500 --- [main] com.zaxxer.hikari.HikariDataSource       : HikariPool-1 - Start completed.
2019-02-13 14:31:22.911  INFO 46500 --- [main] o.hibernate.jpa.internal.util.LogHelper  : HHH000204: Processing PersistenceUnitInfo [
	name: default
	...]
2019-02-13 14:31:23.015  INFO 46500 --- [main] org.hibernate.Version                    : HHH000412: Hibernate Core {5.3.7.Final}
2019-02-13 14:31:23.017  INFO 46500 --- [main] org.hibernate.cfg.Environment            : HHH000206: hibernate.properties not found
2019-02-13 14:31:23.238  INFO 46500 --- [main] o.hibernate.annotations.common.Version   : HCANN000001: Hibernate Commons Annotations {5.0.4.Final}
2019-02-13 14:31:23.673  INFO 46500 --- [main] org.hibernate.dialect.Dialect            : HHH000400: Using dialect: org.hibernate.dialect.MySQL5Dialect
2019-02-13 14:31:24.508  INFO 46500 --- [main] o.h.t.schema.internal.SchemaCreatorImpl  : HHH000476: Executing import script 'org.hibernate.tool.schema.internal.exec.ScriptSourceInputNonExistentImpl@18a98913'
2019-02-13 14:31:24.511  INFO 46500 --- [main] j.LocalContainerEntityManagerFactoryBean : Initialized JPA EntityManagerFactory for persistence unit 'default'
2019-02-13 14:31:25.905  INFO 46500 --- [main] o.s.s.concurrent.ThreadPoolTaskExecutor  : Initializing ExecutorService 'applicationTaskExecutor'
2019-02-13 14:31:25.980  WARN 46500 --- [main] aWebConfiguration$JpaWebMvcConfiguration : spring.jpa.open-in-view is enabled by default. Therefore, database queries may be performed during view rendering. Explicitly configure spring.jpa.open-in-view to disable this warning
2019-02-13 14:31:26.981  INFO 46500 --- [main] o.s.b.a.e.web.EndpointLinksResolver      : Exposing 2 endpoint(s) beneath base path '/actuator'
2019-02-13 14:31:27.036  INFO 46500 --- [main] e.s.a.backend.Se309RpgApplicationTests   : Started Se309RpgApplicationTests in 6.653 seconds (JVM running for 7.547)
2019-02-13 14:31:27.305  INFO 46500 --- [Thread-5] o.s.s.concurrent.ThreadPoolTaskExecutor  : Shutting down ExecutorService 'applicationTaskExecutor'
2019-02-13 14:31:27.308  INFO 46500 --- [Thread-5] j.LocalContainerEntityManagerFactoryBean : Closing JPA EntityManagerFactory for persistence unit 'default'
2019-02-13 14:31:27.311  INFO 46500 --- [Thread-5] com.zaxxer.hikari.HikariDataSource       : HikariPool-1 - Shutdown initiated...
2019-02-13 14:31:27.317  INFO 46500 --- [Thread-5] com.zaxxer.hikari.HikariDataSource       : HikariPool-1 - Shutdown completed.
2019-02-13 14:31:38.414  INFO 14196 --- [restartedMain] e.se309.app.backend.Se309RpgApplication  : Starting Se309RpgApplication on Jarvis with PID 14196 (C:\Users\maxwe\Desktop\temp\team_53\Backend\se339-RPG\target\classes started by maxwe in C:\Users\maxwe\Desktop\temp\team_53\Backend\se339-RPG)
2019-02-13 14:31:38.417  INFO 14196 --- [restartedMain] e.se309.app.backend.Se309RpgApplication  : No active profile set, falling back to default profiles: default
2019-02-13 14:31:38.470  INFO 14196 --- [restartedMain] .e.DevToolsPropertyDefaultsPostProcessor : Devtools property defaults active! Set 'spring.devtools.add-properties' to 'false' to disable
2019-02-13 14:31:38.471  INFO 14196 --- [restartedMain] .e.DevToolsPropertyDefaultsPostProcessor : For additional web related logging consider setting the 'logging.level.web' property to 'DEBUG'
2019-02-13 14:31:39.323  INFO 14196 --- [restartedMain] .s.d.r.c.RepositoryConfigurationDelegate : Bootstrapping Spring Data repositories in DEFAULT mode.
2019-02-13 14:31:39.400  INFO 14196 --- [restartedMain] .s.d.r.c.RepositoryConfigurationDelegate : Finished Spring Data repository scanning in 64ms. Found 1 repository interfaces.
2019-02-13 14:31:39.851  INFO 14196 --- [restartedMain] trationDelegate$BeanPostProcessorChecker : Bean 'org.springframework.transaction.annotation.ProxyTransactionManagementConfiguration' of type [org.springframework.transaction.annotation.ProxyTransactionManagementConfiguration$$EnhancerBySpringCGLIB$$6fbc0e8b] is not eligible for getting processed by all BeanPostProcessors (for example: not eligible for auto-proxying)
2019-02-13 14:31:40.213  INFO 14196 --- [restartedMain] o.s.b.w.embedded.tomcat.TomcatWebServer  : Tomcat initialized with port(s): 8080 (http)
2019-02-13 14:31:40.232  INFO 14196 --- [restartedMain] o.apache.catalina.core.StandardService   : Starting service [Tomcat]
2019-02-13 14:31:40.232  INFO 14196 --- [restartedMain] org.apache.catalina.core.StandardEngine  : Starting Servlet engine: [Apache Tomcat/9.0.14]
2019-02-13 14:31:40.238  INFO 14196 --- [restartedMain] o.a.catalina.core.AprLifecycleListener   : The APR based Apache Tomcat Native library which allows optimal performance in production environments was not found on the java.library.path: [C:\Program Files\Java\jre1.8.0_201\bin;C:\WINDOWS\Sun\Java\bin;C:\WINDOWS\system32;C:\WINDOWS;C:/Program Files/Java/jre1.8.0_201/bin/server;C:/Program Files/Java/jre1.8.0_201/bin;C:/Program Files/Java/jre1.8.0_201/lib/amd64;C:\Program Files (x86)\Common Files\Oracle\Java\javapath;C:\Program Files (x86)\Intel\iCLS Client\;C:\Program Files\Intel\iCLS Client\;C:\Windows\system32;C:\Windows;C:\Windows\System32\Wbem;C:\Windows\System32\WindowsPowerShell\v1.0\;C:\Program Files (x86)\NVIDIA Corporation\PhysX\Common;C:\WINDOWS\system32;C:\WINDOWS;C:\WINDOWS\System32\Wbem;C:\WINDOWS\System32\WindowsPowerShell\v1.0\;C:\WINDOWS\System32\OpenSSH\;C:\Program Files (x86)\Intel\Intel(R) Management Engine Components\DAL;C:\Program Files\Intel\Intel(R) Management Engine Components\DAL;C:\Program Files (x86)\Intel\Intel(R) Management Engine Components\IPT;C:\Program Files\Intel\Intel(R) Management Engine Components\IPT;C:\Users\maxwe\AppData\Local\Microsoft\WindowsApps;;C:\Users\maxwe\Desktop;;.]
2019-02-13 14:31:40.330  INFO 14196 --- [restartedMain] o.a.c.c.C.[Tomcat].[localhost].[/]       : Initializing Spring embedded WebApplicationContext
2019-02-13 14:31:40.330  INFO 14196 --- [restartedMain] o.s.web.context.ContextLoader            : Root WebApplicationContext: initialization completed in 1859 ms
2019-02-13 14:31:40.895  INFO 14196 --- [restartedMain] com.zaxxer.hikari.HikariDataSource       : HikariPool-1 - Starting...
2019-02-13 14:31:40.998  INFO 14196 --- [restartedMain] com.zaxxer.hikari.HikariDataSource       : HikariPool-1 - Start completed.
2019-02-13 14:31:41.037  INFO 14196 --- [restartedMain] o.hibernate.jpa.internal.util.LogHelper  : HHH000204: Processing PersistenceUnitInfo [
	name: default
	...]
2019-02-13 14:31:41.099  INFO 14196 --- [restartedMain] org.hibernate.Version                    : HHH000412: Hibernate Core {5.3.7.Final}
2019-02-13 14:31:41.101  INFO 14196 --- [restartedMain] org.hibernate.cfg.Environment            : HHH000206: hibernate.properties not found
2019-02-13 14:31:41.238  INFO 14196 --- [restartedMain] o.hibernate.annotations.common.Version   : HCANN000001: Hibernate Commons Annotations {5.0.4.Final}
2019-02-13 14:31:41.377  INFO 14196 --- [restartedMain] org.hibernate.dialect.Dialect            : HHH000400: Using dialect: org.hibernate.dialect.MySQL5Dialect
2019-02-13 14:31:41.956  INFO 14196 --- [restartedMain] o.h.t.schema.internal.SchemaCreatorImpl  : HHH000476: Executing import script 'org.hibernate.tool.schema.internal.exec.ScriptSourceInputNonExistentImpl@1ccc704d'
2019-02-13 14:31:41.958  INFO 14196 --- [restartedMain] j.LocalContainerEntityManagerFactoryBean : Initialized JPA EntityManagerFactory for persistence unit 'default'
2019-02-13 14:31:41.997  INFO 14196 --- [restartedMain] o.s.b.d.a.OptionalLiveReloadServer       : LiveReload server is running on port 35729
2019-02-13 14:31:42.435  INFO 14196 --- [restartedMain] o.s.s.concurrent.ThreadPoolTaskExecutor  : Initializing ExecutorService 'applicationTaskExecutor'
2019-02-13 14:31:42.478  WARN 14196 --- [restartedMain] aWebConfiguration$JpaWebMvcConfiguration : spring.jpa.open-in-view is enabled by default. Therefore, database queries may be performed during view rendering. Explicitly configure spring.jpa.open-in-view to disable this warning
2019-02-13 14:31:42.769  INFO 14196 --- [restartedMain] o.s.b.a.e.web.EndpointLinksResolver      : Exposing 2 endpoint(s) beneath base path '/actuator'
2019-02-13 14:31:42.838  INFO 14196 --- [restartedMain] o.s.b.w.embedded.tomcat.TomcatWebServer  : Tomcat started on port(s): 8080 (http) with context path ''
2019-02-13 14:31:42.841  INFO 14196 --- [restartedMain] e.se309.app.backend.Se309RpgApplication  : Started Se309RpgApplication in 4.87 seconds (JVM running for 5.958)
2019-02-13 14:31:52.436  INFO 14196 --- [http-nio-8080-exec-1] o.a.c.c.C.[Tomcat].[localhost].[/]       : Initializing Spring DispatcherServlet 'dispatcherServlet'
2019-02-13 14:31:52.436  INFO 14196 --- [http-nio-8080-exec-1] o.s.web.servlet.DispatcherServlet        : Initializing Servlet 'dispatcherServlet'
2019-02-13 14:31:52.449  INFO 14196 --- [http-nio-8080-exec-1] o.s.web.servlet.DispatcherServlet        : Completed initialization in 12 ms
2019-02-13 14:31:52.497  INFO 14196 --- [http-nio-8080-exec-1] e.s.a.b.monsterspawn.MonstersController  : Entered into Controller Layer
2019-02-13 14:31:52.560  INFO 14196 --- [http-nio-8080-exec-1] o.h.h.i.QueryTranslatorFactoryInitiator  : HHH000397: Using ASTQueryTranslatorFactory
2019-02-13 14:31:52.664  INFO 14196 --- [http-nio-8080-exec-1] e.s.a.b.monsterspawn.MonstersController  : Number of Records Fetched:0
2019-02-13 14:31:57.010  INFO 14196 --- [http-nio-8080-exec-5] e.s.a.b.monsterspawn.MonstersController  : Entered into Controller Layer
2019-02-13 14:31:57.059  INFO 14196 --- [http-nio-8080-exec-5] e.s.a.b.monsterspawn.MonstersController  : Number of Records Fetched:50
2019-02-13 14:32:00.086  WARN 14196 --- [http-nio-8080-exec-6] .w.s.m.s.DefaultHandlerExceptionResolver : Resolved [org.springframework.web.method.annotation.MethodArgumentTypeMismatchException: Failed to convert value of type 'java.lang.String' to required type 'int'; nested exception is java.lang.NumberFormatException: For input string: "5-"]
2019-02-13 14:32:02.092  INFO 14196 --- [http-nio-8080-exec-7] e.s.a.b.monsterspawn.MonstersController  : Entered into Controller Layer
2019-02-13 14:32:04.956  INFO 14196 --- [http-nio-8080-exec-8] e.s.a.b.monsterspawn.MonstersController  : Entered into Controller Layer
2019-02-13 14:32:07.841  INFO 14196 --- [http-nio-8080-exec-9] e.s.a.b.monsterspawn.MonstersController  : Entered into Controller Layer
2019-02-13 14:32:07.867  INFO 14196 --- [http-nio-8080-exec-9] e.s.a.b.monsterspawn.MonstersController  : Number of Records Fetched:50
2019-02-13 14:32:13.972  INFO 14196 --- [http-nio-8080-exec-3] e.s.a.b.monsterspawn.MonstersController  : Entered into Controller Layer
2019-02-13 14:32:15.614  INFO 14196 --- [http-nio-8080-exec-2] e.s.a.b.monsterspawn.MonstersController  : Entered into Controller Layer
2019-02-13 14:32:22.077  INFO 14196 --- [http-nio-8080-exec-7] e.s.a.b.monsterspawn.MonstersController  : Entered into Controller Layer
2019-02-13 14:32:22.098  INFO 14196 --- [http-nio-8080-exec-7] e.s.a.b.monsterspawn.MonstersController  : Number of Records Fetched:50
2019-02-13 14:32:40.812  INFO 14196 --- [http-nio-8080-exec-3] e.s.a.b.monsterspawn.MonstersController  : Entered into Controller Layer
2019-02-13 14:32:44.854  INFO 14196 --- [http-nio-8080-exec-2] e.s.a.b.monsterspawn.MonstersController  : Entered into Controller Layer
2019-02-13 14:32:47.598  INFO 14196 --- [http-nio-8080-exec-4] e.s.a.b.monsterspawn.MonstersController  : Entered into Controller Layer
2019-02-13 14:32:50.326  INFO 14196 --- [http-nio-8080-exec-5] e.s.a.b.monsterspawn.MonstersController  : Entered into Controller Layer
2019-02-13 14:32:50.340  INFO 14196 --- [http-nio-8080-exec-5] e.s.a.b.monsterspawn.MonstersController  : Number of Records Fetched:50
2019-02-13 14:32:55.667  INFO 14196 --- [http-nio-8080-exec-7] e.s.a.b.monsterspawn.MonstersController  : Entered into Controller Layer
2019-02-13 14:32:59.262  INFO 14196 --- [http-nio-8080-exec-8] e.s.a.b.monsterspawn.MonstersController  : Entered into Controller Layer
2019-02-13 14:32:59.266  INFO 14196 --- [http-nio-8080-exec-8] e.s.a.b.monsterspawn.MonstersController  : Number of Records Fetched:50
2019-02-13 14:50:29.105  INFO 14196 --- [Thread-8] o.s.s.concurrent.ThreadPoolTaskExecutor  : Shutting down ExecutorService 'applicationTaskExecutor'
2019-02-13 14:50:29.106  INFO 14196 --- [Thread-8] j.LocalContainerEntityManagerFactoryBean : Closing JPA EntityManagerFactory for persistence unit 'default'
2019-02-13 14:50:29.109  INFO 14196 --- [Thread-8] com.zaxxer.hikari.HikariDataSource       : HikariPool-1 - Shutdown initiated...
2019-02-13 14:50:29.112  INFO 14196 --- [Thread-8] com.zaxxer.hikari.HikariDataSource       : HikariPool-1 - Shutdown completed.
2019-02-13 14:50:29.502  INFO 14196 --- [restartedMain] e.se309.app.backend.Se309RpgApplication  : Starting Se309RpgApplication on Jarvis with PID 14196 (C:\Users\maxwe\Desktop\temp\team_53\Backend\se339-RPG\target\classes started by maxwe in C:\Users\maxwe\Desktop\temp\team_53\Backend\se339-RPG)
2019-02-13 14:50:29.502  INFO 14196 --- [restartedMain] e.se309.app.backend.Se309RpgApplication  : No active profile set, falling back to default profiles: default
2019-02-13 14:50:30.058  INFO 14196 --- [restartedMain] .s.d.r.c.RepositoryConfigurationDelegate : Bootstrapping Spring Data repositories in DEFAULT mode.
2019-02-13 14:50:30.070  INFO 14196 --- [restartedMain] .s.d.r.c.RepositoryConfigurationDelegate : Finished Spring Data repository scanning in 12ms. Found 1 repository interfaces.
2019-02-13 14:50:30.149  INFO 14196 --- [restartedMain] trationDelegate$BeanPostProcessorChecker : Bean 'org.springframework.transaction.annotation.ProxyTransactionManagementConfiguration' of type [org.springframework.transaction.annotation.ProxyTransactionManagementConfiguration$$EnhancerBySpringCGLIB$$6fbc0e8b] is not eligible for getting processed by all BeanPostProcessors (for example: not eligible for auto-proxying)
2019-02-13 14:50:30.289  INFO 14196 --- [restartedMain] o.s.b.w.embedded.tomcat.TomcatWebServer  : Tomcat initialized with port(s): 8080 (http)
2019-02-13 14:50:30.291  INFO 14196 --- [restartedMain] o.apache.catalina.core.StandardService   : Starting service [Tomcat]
2019-02-13 14:50:30.292  INFO 14196 --- [restartedMain] org.apache.catalina.core.StandardEngine  : Starting Servlet engine: [Apache Tomcat/9.0.14]
2019-02-13 14:50:30.313  INFO 14196 --- [restartedMain] o.a.c.c.C.[Tomcat].[localhost].[/]       : Initializing Spring embedded WebApplicationContext
2019-02-13 14:50:30.313  INFO 14196 --- [restartedMain] o.s.web.context.ContextLoader            : Root WebApplicationContext: initialization completed in 808 ms
2019-02-13 14:50:30.557  INFO 14196 --- [restartedMain] com.zaxxer.hikari.HikariDataSource       : HikariPool-2 - Starting...
2019-02-13 14:50:30.562  INFO 14196 --- [restartedMain] com.zaxxer.hikari.HikariDataSource       : HikariPool-2 - Start completed.
2019-02-13 14:50:30.569  INFO 14196 --- [restartedMain] o.hibernate.jpa.internal.util.LogHelper  : HHH000204: Processing PersistenceUnitInfo [
	name: default
	...]
2019-02-13 14:50:30.581  INFO 14196 --- [restartedMain] org.hibernate.dialect.Dialect            : HHH000400: Using dialect: org.hibernate.dialect.MySQL5Dialect
2019-02-13 14:50:30.635  INFO 14196 --- [restartedMain] o.h.t.schema.internal.SchemaCreatorImpl  : HHH000476: Executing import script 'org.hibernate.tool.schema.internal.exec.ScriptSourceInputNonExistentImpl@1ccc704d'
2019-02-13 14:50:30.635  INFO 14196 --- [restartedMain] j.LocalContainerEntityManagerFactoryBean : Initialized JPA EntityManagerFactory for persistence unit 'default'
2019-02-13 14:50:30.662  INFO 14196 --- [restartedMain] o.s.b.d.a.OptionalLiveReloadServer       : LiveReload server is running on port 35729
2019-02-13 14:50:30.825  INFO 14196 --- [restartedMain] o.s.s.concurrent.ThreadPoolTaskExecutor  : Initializing ExecutorService 'applicationTaskExecutor'
2019-02-13 14:50:30.840  WARN 14196 --- [restartedMain] aWebConfiguration$JpaWebMvcConfiguration : spring.jpa.open-in-view is enabled by default. Therefore, database queries may be performed during view rendering. Explicitly configure spring.jpa.open-in-view to disable this warning
2019-02-13 14:50:31.046  INFO 14196 --- [restartedMain] o.s.b.a.e.web.EndpointLinksResolver      : Exposing 2 endpoint(s) beneath base path '/actuator'
2019-02-13 14:50:31.090  INFO 14196 --- [restartedMain] o.s.b.w.embedded.tomcat.TomcatWebServer  : Tomcat started on port(s): 8080 (http) with context path ''
2019-02-13 14:50:31.091  INFO 14196 --- [restartedMain] e.se309.app.backend.Se309RpgApplication  : Started Se309RpgApplication in 1.632 seconds (JVM running for 1134.208)
2019-02-13 14:50:31.098  INFO 14196 --- [restartedMain] .ConditionEvaluationDeltaLoggingListener : Condition evaluation unchanged
2019-02-13 14:50:33.874  INFO 14196 --- [Thread-17] o.s.s.concurrent.ThreadPoolTaskExecutor  : Shutting down ExecutorService 'applicationTaskExecutor'
2019-02-13 14:50:33.877  INFO 14196 --- [Thread-17] j.LocalContainerEntityManagerFactoryBean : Closing JPA EntityManagerFactory for persistence unit 'default'
2019-02-13 14:50:33.879  INFO 14196 --- [Thread-17] com.zaxxer.hikari.HikariDataSource       : HikariPool-2 - Shutdown initiated...
2019-02-13 14:50:33.887  INFO 14196 --- [Thread-17] com.zaxxer.hikari.HikariDataSource       : HikariPool-2 - Shutdown completed.
2019-02-13 14:50:34.403  INFO 14196 --- [restartedMain] e.se309.app.backend.Se309RpgApplication  : Starting Se309RpgApplication on Jarvis with PID 14196 (C:\Users\maxwe\Desktop\temp\team_53\Backend\se339-RPG\target\classes started by maxwe in C:\Users\maxwe\Desktop\temp\team_53\Backend\se339-RPG)
2019-02-13 14:50:34.403  INFO 14196 --- [restartedMain] e.se309.app.backend.Se309RpgApplication  : No active profile set, falling back to default profiles: default
2019-02-13 14:50:34.876  INFO 14196 --- [restartedMain] .s.d.r.c.RepositoryConfigurationDelegate : Bootstrapping Spring Data repositories in DEFAULT mode.
2019-02-13 14:50:34.892  INFO 14196 --- [restartedMain] .s.d.r.c.RepositoryConfigurationDelegate : Finished Spring Data repository scanning in 15ms. Found 1 repository interfaces.
2019-02-13 14:50:35.010  INFO 14196 --- [restartedMain] trationDelegate$BeanPostProcessorChecker : Bean 'org.springframework.transaction.annotation.ProxyTransactionManagementConfiguration' of type [org.springframework.transaction.annotation.ProxyTransactionManagementConfiguration$$EnhancerBySpringCGLIB$$6fbc0e8b] is not eligible for getting processed by all BeanPostProcessors (for example: not eligible for auto-proxying)
2019-02-13 14:50:35.202  INFO 888 --- [main] e.s.a.backend.Se309RpgApplicationTests   : Starting Se309RpgApplicationTests on Jarvis with PID 888 (started by maxwe in C:\Users\maxwe\Desktop\temp\team_53\Backend\se339-RPG)
2019-02-13 14:50:35.204  INFO 888 --- [main] e.s.a.backend.Se309RpgApplicationTests   : No active profile set, falling back to default profiles: default
2019-02-13 14:50:35.216  INFO 14196 --- [restartedMain] o.s.b.w.embedded.tomcat.TomcatWebServer  : Tomcat initialized with port(s): 8080 (http)
2019-02-13 14:50:35.218  INFO 14196 --- [restartedMain] o.apache.catalina.core.StandardService   : Starting service [Tomcat]
2019-02-13 14:50:35.219  INFO 14196 --- [restartedMain] org.apache.catalina.core.StandardEngine  : Starting Servlet engine: [Apache Tomcat/9.0.14]
2019-02-13 14:50:35.251  INFO 14196 --- [restartedMain] o.a.c.c.C.[Tomcat].[localhost].[/]       : Initializing Spring embedded WebApplicationContext
2019-02-13 14:50:35.252  INFO 14196 --- [restartedMain] o.s.web.context.ContextLoader            : Root WebApplicationContext: initialization completed in 846 ms
2019-02-13 14:50:35.563  INFO 14196 --- [restartedMain] com.zaxxer.hikari.HikariDataSource       : HikariPool-3 - Starting...
2019-02-13 14:50:35.567  INFO 14196 --- [restartedMain] com.zaxxer.hikari.HikariDataSource       : HikariPool-3 - Start completed.
2019-02-13 14:50:35.576  INFO 14196 --- [restartedMain] o.hibernate.jpa.internal.util.LogHelper  : HHH000204: Processing PersistenceUnitInfo [
	name: default
	...]
2019-02-13 14:50:35.587  INFO 14196 --- [restartedMain] org.hibernate.dialect.Dialect            : HHH000400: Using dialect: org.hibernate.dialect.MySQL5Dialect
2019-02-13 14:50:35.643  INFO 14196 --- [restartedMain] o.h.t.schema.internal.SchemaCreatorImpl  : HHH000476: Executing import script 'org.hibernate.tool.schema.internal.exec.ScriptSourceInputNonExistentImpl@1ccc704d'
2019-02-13 14:50:35.644  INFO 14196 --- [restartedMain] j.LocalContainerEntityManagerFactoryBean : Initialized JPA EntityManagerFactory for persistence unit 'default'
2019-02-13 14:50:35.667  INFO 14196 --- [restartedMain] o.s.b.d.a.OptionalLiveReloadServer       : LiveReload server is running on port 35729
2019-02-13 14:50:35.863  INFO 14196 --- [restartedMain] o.s.s.concurrent.ThreadPoolTaskExecutor  : Initializing ExecutorService 'applicationTaskExecutor'
2019-02-13 14:50:35.879  WARN 14196 --- [restartedMain] aWebConfiguration$JpaWebMvcConfiguration : spring.jpa.open-in-view is enabled by default. Therefore, database queries may be performed during view rendering. Explicitly configure spring.jpa.open-in-view to disable this warning
2019-02-13 14:50:36.086  INFO 14196 --- [restartedMain] o.s.b.a.e.web.EndpointLinksResolver      : Exposing 2 endpoint(s) beneath base path '/actuator'
2019-02-13 14:50:36.136  INFO 14196 --- [restartedMain] o.s.b.w.embedded.tomcat.TomcatWebServer  : Tomcat started on port(s): 8080 (http) with context path ''
2019-02-13 14:50:36.137  INFO 14196 --- [restartedMain] e.se309.app.backend.Se309RpgApplication  : Started Se309RpgApplication in 1.768 seconds (JVM running for 1139.253)
2019-02-13 14:50:36.148  INFO 14196 --- [restartedMain] .ConditionEvaluationDeltaLoggingListener : Condition evaluation unchanged
2019-02-13 14:50:36.538  INFO 888 --- [main] .s.d.r.c.RepositoryConfigurationDelegate : Bootstrapping Spring Data repositories in DEFAULT mode.
2019-02-13 14:50:36.619  INFO 888 --- [main] .s.d.r.c.RepositoryConfigurationDelegate : Finished Spring Data repository scanning in 72ms. Found 1 repository interfaces.
2019-02-13 14:50:37.182  INFO 888 --- [main] trationDelegate$BeanPostProcessorChecker : Bean 'org.springframework.transaction.annotation.ProxyTransactionManagementConfiguration' of type [org.springframework.transaction.annotation.ProxyTransactionManagementConfiguration$$EnhancerBySpringCGLIB$$a58aa3a5] is not eligible for getting processed by all BeanPostProcessors (for example: not eligible for auto-proxying)
2019-02-13 14:50:37.462  INFO 888 --- [main] com.zaxxer.hikari.HikariDataSource       : HikariPool-1 - Starting...
2019-02-13 14:50:37.714  INFO 888 --- [main] com.zaxxer.hikari.HikariDataSource       : HikariPool-1 - Start completed.
2019-02-13 14:50:37.803  INFO 888 --- [main] o.hibernate.jpa.internal.util.LogHelper  : HHH000204: Processing PersistenceUnitInfo [
	name: default
	...]
2019-02-13 14:50:37.923  INFO 888 --- [main] org.hibernate.Version                    : HHH000412: Hibernate Core {5.3.7.Final}
2019-02-13 14:50:37.926  INFO 888 --- [main] org.hibernate.cfg.Environment            : HHH000206: hibernate.properties not found
2019-02-13 14:50:38.170  INFO 888 --- [main] o.hibernate.annotations.common.Version   : HCANN000001: Hibernate Commons Annotations {5.0.4.Final}
2019-02-13 14:50:38.572  INFO 888 --- [main] org.hibernate.dialect.Dialect            : HHH000400: Using dialect: org.hibernate.dialect.MySQL5Dialect
2019-02-13 14:50:39.501  INFO 888 --- [main] o.h.t.schema.internal.SchemaCreatorImpl  : HHH000476: Executing import script 'org.hibernate.tool.schema.internal.exec.ScriptSourceInputNonExistentImpl@5329f6b3'
2019-02-13 14:50:39.505  INFO 888 --- [main] j.LocalContainerEntityManagerFactoryBean : Initialized JPA EntityManagerFactory for persistence unit 'default'
2019-02-13 14:50:40.920  INFO 888 --- [main] o.s.s.concurrent.ThreadPoolTaskExecutor  : Initializing ExecutorService 'applicationTaskExecutor'
2019-02-13 14:50:41.001  WARN 888 --- [main] aWebConfiguration$JpaWebMvcConfiguration : spring.jpa.open-in-view is enabled by default. Therefore, database queries may be performed during view rendering. Explicitly configure spring.jpa.open-in-view to disable this warning
2019-02-13 14:50:42.025  INFO 888 --- [main] o.s.b.a.e.web.EndpointLinksResolver      : Exposing 2 endpoint(s) beneath base path '/actuator'
2019-02-13 14:50:42.088  INFO 888 --- [main] e.s.a.backend.Se309RpgApplicationTests   : Started Se309RpgApplicationTests in 7.347 seconds (JVM running for 8.571)
2019-02-13 14:50:42.340  INFO 888 --- [Thread-5] o.s.s.concurrent.ThreadPoolTaskExecutor  : Shutting down ExecutorService 'applicationTaskExecutor'
2019-02-13 14:50:42.343  INFO 888 --- [Thread-5] j.LocalContainerEntityManagerFactoryBean : Closing JPA EntityManagerFactory for persistence unit 'default'
2019-02-13 14:50:42.348  INFO 888 --- [Thread-5] com.zaxxer.hikari.HikariDataSource       : HikariPool-1 - Shutdown initiated...
2019-02-13 14:50:42.354  INFO 888 --- [Thread-5] com.zaxxer.hikari.HikariDataSource       : HikariPool-1 - Shutdown completed.
2019-02-13 14:50:52.512  INFO 7492 --- [restartedMain] e.se309.app.backend.Se309RpgApplication  : Starting Se309RpgApplication on Jarvis with PID 7492 (C:\Users\maxwe\Desktop\temp\team_53\Backend\se339-RPG\target\classes started by maxwe in C:\Users\maxwe\Desktop\temp\team_53\Backend\se339-RPG)
2019-02-13 14:50:52.514  INFO 7492 --- [restartedMain] e.se309.app.backend.Se309RpgApplication  : No active profile set, falling back to default profiles: default
2019-02-13 14:50:52.556  INFO 7492 --- [restartedMain] .e.DevToolsPropertyDefaultsPostProcessor : Devtools property defaults active! Set 'spring.devtools.add-properties' to 'false' to disable
2019-02-13 14:50:52.557  INFO 7492 --- [restartedMain] .e.DevToolsPropertyDefaultsPostProcessor : For additional web related logging consider setting the 'logging.level.web' property to 'DEBUG'
2019-02-13 14:50:53.475  INFO 7492 --- [restartedMain] .s.d.r.c.RepositoryConfigurationDelegate : Bootstrapping Spring Data repositories in DEFAULT mode.
2019-02-13 14:50:53.557  INFO 7492 --- [restartedMain] .s.d.r.c.RepositoryConfigurationDelegate : Finished Spring Data repository scanning in 68ms. Found 1 repository interfaces.
2019-02-13 14:50:53.968  INFO 7492 --- [restartedMain] trationDelegate$BeanPostProcessorChecker : Bean 'org.springframework.transaction.annotation.ProxyTransactionManagementConfiguration' of type [org.springframework.transaction.annotation.ProxyTransactionManagementConfiguration$$EnhancerBySpringCGLIB$$52d36cab] is not eligible for getting processed by all BeanPostProcessors (for example: not eligible for auto-proxying)
2019-02-13 14:50:54.445  INFO 7492 --- [restartedMain] o.s.b.w.embedded.tomcat.TomcatWebServer  : Tomcat initialized with port(s): 8080 (http)
2019-02-13 14:50:54.473  INFO 7492 --- [restartedMain] o.apache.catalina.core.StandardService   : Starting service [Tomcat]
2019-02-13 14:50:54.474  INFO 7492 --- [restartedMain] org.apache.catalina.core.StandardEngine  : Starting Servlet engine: [Apache Tomcat/9.0.14]
2019-02-13 14:50:54.486  INFO 7492 --- [restartedMain] o.a.catalina.core.AprLifecycleListener   : The APR based Apache Tomcat Native library which allows optimal performance in production environments was not found on the java.library.path: [C:\Program Files\Java\jre1.8.0_201\bin;C:\WINDOWS\Sun\Java\bin;C:\WINDOWS\system32;C:\WINDOWS;C:/Program Files/Java/jre1.8.0_201/bin/server;C:/Program Files/Java/jre1.8.0_201/bin;C:/Program Files/Java/jre1.8.0_201/lib/amd64;C:\Program Files (x86)\Common Files\Oracle\Java\javapath;C:\Program Files (x86)\Intel\iCLS Client\;C:\Program Files\Intel\iCLS Client\;C:\Windows\system32;C:\Windows;C:\Windows\System32\Wbem;C:\Windows\System32\WindowsPowerShell\v1.0\;C:\Program Files (x86)\NVIDIA Corporation\PhysX\Common;C:\WINDOWS\system32;C:\WINDOWS;C:\WINDOWS\System32\Wbem;C:\WINDOWS\System32\WindowsPowerShell\v1.0\;C:\WINDOWS\System32\OpenSSH\;C:\Program Files (x86)\Intel\Intel(R) Management Engine Components\DAL;C:\Program Files\Intel\Intel(R) Management Engine Components\DAL;C:\Program Files (x86)\Intel\Intel(R) Management Engine Components\IPT;C:\Program Files\Intel\Intel(R) Management Engine Components\IPT;C:\Users\maxwe\AppData\Local\Microsoft\WindowsApps;;C:\Users\maxwe\Desktop;;.]
2019-02-13 14:50:54.664  INFO 7492 --- [restartedMain] o.a.c.c.C.[Tomcat].[localhost].[/]       : Initializing Spring embedded WebApplicationContext
2019-02-13 14:50:54.666  INFO 7492 --- [restartedMain] o.s.web.context.ContextLoader            : Root WebApplicationContext: initialization completed in 2109 ms
2019-02-13 14:50:55.220  INFO 7492 --- [restartedMain] com.zaxxer.hikari.HikariDataSource       : HikariPool-1 - Starting...
2019-02-13 14:50:55.385  INFO 7492 --- [restartedMain] com.zaxxer.hikari.HikariDataSource       : HikariPool-1 - Start completed.
2019-02-13 14:50:55.430  INFO 7492 --- [restartedMain] o.hibernate.jpa.internal.util.LogHelper  : HHH000204: Processing PersistenceUnitInfo [
	name: default
	...]
2019-02-13 14:50:55.494  INFO 7492 --- [restartedMain] org.hibernate.Version                    : HHH000412: Hibernate Core {5.3.7.Final}
2019-02-13 14:50:55.496  INFO 7492 --- [restartedMain] org.hibernate.cfg.Environment            : HHH000206: hibernate.properties not found
2019-02-13 14:50:55.650  INFO 7492 --- [restartedMain] o.hibernate.annotations.common.Version   : HCANN000001: Hibernate Commons Annotations {5.0.4.Final}
2019-02-13 14:50:55.799  INFO 7492 --- [restartedMain] org.hibernate.dialect.Dialect            : HHH000400: Using dialect: org.hibernate.dialect.MySQL5Dialect
2019-02-13 14:50:56.440  INFO 7492 --- [restartedMain] o.h.t.schema.internal.SchemaCreatorImpl  : HHH000476: Executing import script 'org.hibernate.tool.schema.internal.exec.ScriptSourceInputNonExistentImpl@7bba03aa'
2019-02-13 14:50:56.442  INFO 7492 --- [restartedMain] j.LocalContainerEntityManagerFactoryBean : Initialized JPA EntityManagerFactory for persistence unit 'default'
2019-02-13 14:50:56.482  WARN 7492 --- [restartedMain] o.s.b.d.a.OptionalLiveReloadServer       : Unable to start LiveReload server
2019-02-13 14:50:56.940  INFO 7492 --- [restartedMain] o.s.s.concurrent.ThreadPoolTaskExecutor  : Initializing ExecutorService 'applicationTaskExecutor'
2019-02-13 14:50:56.984  WARN 7492 --- [restartedMain] aWebConfiguration$JpaWebMvcConfiguration : spring.jpa.open-in-view is enabled by default. Therefore, database queries may be performed during view rendering. Explicitly configure spring.jpa.open-in-view to disable this warning
2019-02-13 14:50:57.287  INFO 7492 --- [restartedMain] o.s.b.a.e.web.EndpointLinksResolver      : Exposing 2 endpoint(s) beneath base path '/actuator'
2019-02-13 14:50:57.355 ERROR 7492 --- [restartedMain] org.apache.catalina.util.LifecycleBase   : Failed to start component [Connector[HTTP/1.1-8080]]

org.apache.catalina.LifecycleException: Protocol handler start failed
	at org.apache.catalina.connector.Connector.startInternal(Connector.java:1004) ~[tomcat-embed-core-9.0.14.jar:9.0.14]
	at org.apache.catalina.util.LifecycleBase.start(LifecycleBase.java:183) ~[tomcat-embed-core-9.0.14.jar:9.0.14]
	at org.apache.catalina.core.StandardService.addConnector(StandardService.java:226) [tomcat-embed-core-9.0.14.jar:9.0.14]
	at org.springframework.boot.web.embedded.tomcat.TomcatWebServer.addPreviouslyRemovedConnectors(TomcatWebServer.java:259) [spring-boot-2.1.2.RELEASE.jar:2.1.2.RELEASE]
	at org.springframework.boot.web.embedded.tomcat.TomcatWebServer.start(TomcatWebServer.java:197) [spring-boot-2.1.2.RELEASE.jar:2.1.2.RELEASE]
	at org.springframework.boot.web.servlet.context.ServletWebServerApplicationContext.startWebServer(ServletWebServerApplicationContext.java:311) [spring-boot-2.1.2.RELEASE.jar:2.1.2.RELEASE]
	at org.springframework.boot.web.servlet.context.ServletWebServerApplicationContext.finishRefresh(ServletWebServerApplicationContext.java:164) [spring-boot-2.1.2.RELEASE.jar:2.1.2.RELEASE]
	at org.springframework.context.support.AbstractApplicationContext.refresh(AbstractApplicationContext.java:549) [spring-context-5.1.4.RELEASE.jar:5.1.4.RELEASE]
	at org.springframework.boot.web.servlet.context.ServletWebServerApplicationContext.refresh(ServletWebServerApplicationContext.java:142) [spring-boot-2.1.2.RELEASE.jar:2.1.2.RELEASE]
	at org.springframework.boot.SpringApplication.refresh(SpringApplication.java:775) [spring-boot-2.1.2.RELEASE.jar:2.1.2.RELEASE]
	at org.springframework.boot.SpringApplication.refreshContext(SpringApplication.java:397) [spring-boot-2.1.2.RELEASE.jar:2.1.2.RELEASE]
	at org.springframework.boot.SpringApplication.run(SpringApplication.java:316) [spring-boot-2.1.2.RELEASE.jar:2.1.2.RELEASE]
	at org.springframework.boot.SpringApplication.run(SpringApplication.java:1260) [spring-boot-2.1.2.RELEASE.jar:2.1.2.RELEASE]
	at org.springframework.boot.SpringApplication.run(SpringApplication.java:1248) [spring-boot-2.1.2.RELEASE.jar:2.1.2.RELEASE]
	at edu.se309.app.backend.Se309RpgApplication.main(Se309RpgApplication.java:10) [classes/:na]
	at sun.reflect.NativeMethodAccessorImpl.invoke0(Native Method) ~[na:1.8.0_201]
	at sun.reflect.NativeMethodAccessorImpl.invoke(Unknown Source) ~[na:1.8.0_201]
	at sun.reflect.DelegatingMethodAccessorImpl.invoke(Unknown Source) ~[na:1.8.0_201]
	at java.lang.reflect.Method.invoke(Unknown Source) ~[na:1.8.0_201]
	at org.springframework.boot.devtools.restart.RestartLauncher.run(RestartLauncher.java:49) [spring-boot-devtools-2.1.2.RELEASE.jar:2.1.2.RELEASE]
Caused by: java.net.BindException: Address already in use: bind
	at sun.nio.ch.Net.bind0(Native Method) ~[na:1.8.0_201]
	at sun.nio.ch.Net.bind(Unknown Source) ~[na:1.8.0_201]
	at sun.nio.ch.Net.bind(Unknown Source) ~[na:1.8.0_201]
	at sun.nio.ch.ServerSocketChannelImpl.bind(Unknown Source) ~[na:1.8.0_201]
	at sun.nio.ch.ServerSocketAdaptor.bind(Unknown Source) ~[na:1.8.0_201]
	at org.apache.tomcat.util.net.NioEndpoint.initServerSocket(NioEndpoint.java:236) ~[tomcat-embed-core-9.0.14.jar:9.0.14]
	at org.apache.tomcat.util.net.NioEndpoint.bind(NioEndpoint.java:210) ~[tomcat-embed-core-9.0.14.jar:9.0.14]
	at org.apache.tomcat.util.net.AbstractEndpoint.bindWithCleanup(AbstractEndpoint.java:1085) ~[tomcat-embed-core-9.0.14.jar:9.0.14]
	at org.apache.tomcat.util.net.AbstractEndpoint.start(AbstractEndpoint.java:1171) ~[tomcat-embed-core-9.0.14.jar:9.0.14]
	at org.apache.coyote.AbstractProtocol.start(AbstractProtocol.java:568) ~[tomcat-embed-core-9.0.14.jar:9.0.14]
	at org.apache.catalina.connector.Connector.startInternal(Connector.java:1001) ~[tomcat-embed-core-9.0.14.jar:9.0.14]
	... 19 common frames omitted

2019-02-13 14:50:57.361  INFO 7492 --- [restartedMain] o.apache.catalina.core.StandardService   : Stopping service [Tomcat]
2019-02-13 14:50:57.371  INFO 7492 --- [restartedMain] ConditionEvaluationReportLoggingListener : 

Error starting ApplicationContext. To display the conditions report re-run your application with 'debug' enabled.
2019-02-13 14:50:57.375 ERROR 7492 --- [restartedMain] o.s.b.d.LoggingFailureAnalysisReporter   : 

***************************
APPLICATION FAILED TO START
***************************

Description:

The Tomcat connector configured to listen on port 8080 failed to start. The port may already be in use or the connector may be misconfigured.

Action:

Verify the connector's configuration, identify and stop any process that's listening on port 8080, or configure this application to listen on another port.

2019-02-13 14:50:57.379  INFO 7492 --- [restartedMain] o.s.s.concurrent.ThreadPoolTaskExecutor  : Shutting down ExecutorService 'applicationTaskExecutor'
2019-02-13 14:50:57.380  INFO 7492 --- [restartedMain] j.LocalContainerEntityManagerFactoryBean : Closing JPA EntityManagerFactory for persistence unit 'default'
2019-02-13 14:50:57.383  INFO 7492 --- [restartedMain] com.zaxxer.hikari.HikariDataSource       : HikariPool-1 - Shutdown initiated...
2019-02-13 14:50:57.387  INFO 7492 --- [restartedMain] com.zaxxer.hikari.HikariDataSource       : HikariPool-1 - Shutdown completed.
2019-02-13 14:51:13.320  INFO 46744 --- [restartedMain] e.se309.app.backend.Se309RpgApplication  : Starting Se309RpgApplication on Jarvis with PID 46744 (C:\Users\maxwe\Desktop\temp\team_53\Backend\se339-RPG\target\classes started by maxwe in C:\Users\maxwe\Desktop\temp\team_53\Backend\se339-RPG)
2019-02-13 14:51:13.322  INFO 46744 --- [restartedMain] e.se309.app.backend.Se309RpgApplication  : No active profile set, falling back to default profiles: default
2019-02-13 14:51:13.368  INFO 46744 --- [restartedMain] .e.DevToolsPropertyDefaultsPostProcessor : Devtools property defaults active! Set 'spring.devtools.add-properties' to 'false' to disable
2019-02-13 14:51:13.368  INFO 46744 --- [restartedMain] .e.DevToolsPropertyDefaultsPostProcessor : For additional web related logging consider setting the 'logging.level.web' property to 'DEBUG'
2019-02-13 14:51:14.213  INFO 46744 --- [restartedMain] .s.d.r.c.RepositoryConfigurationDelegate : Bootstrapping Spring Data repositories in DEFAULT mode.
2019-02-13 14:51:14.266  INFO 46744 --- [restartedMain] .s.d.r.c.RepositoryConfigurationDelegate : Finished Spring Data repository scanning in 46ms. Found 1 repository interfaces.
2019-02-13 14:51:14.599  INFO 46744 --- [restartedMain] trationDelegate$BeanPostProcessorChecker : Bean 'org.springframework.transaction.annotation.ProxyTransactionManagementConfiguration' of type [org.springframework.transaction.annotation.ProxyTransactionManagementConfiguration$$EnhancerBySpringCGLIB$$137161ef] is not eligible for getting processed by all BeanPostProcessors (for example: not eligible for auto-proxying)
2019-02-13 14:51:14.903  INFO 46744 --- [restartedMain] o.s.b.w.embedded.tomcat.TomcatWebServer  : Tomcat initialized with port(s): 8080 (http)
2019-02-13 14:51:14.924  INFO 46744 --- [restartedMain] o.apache.catalina.core.StandardService   : Starting service [Tomcat]
2019-02-13 14:51:14.924  INFO 46744 --- [restartedMain] org.apache.catalina.core.StandardEngine  : Starting Servlet engine: [Apache Tomcat/9.0.14]
2019-02-13 14:51:14.931  INFO 46744 --- [restartedMain] o.a.catalina.core.AprLifecycleListener   : The APR based Apache Tomcat Native library which allows optimal performance in production environments was not found on the java.library.path: [C:\Program Files\Java\jre1.8.0_201\bin;C:\WINDOWS\Sun\Java\bin;C:\WINDOWS\system32;C:\WINDOWS;C:/Program Files/Java/jre1.8.0_201/bin/server;C:/Program Files/Java/jre1.8.0_201/bin;C:/Program Files/Java/jre1.8.0_201/lib/amd64;C:\Program Files (x86)\Common Files\Oracle\Java\javapath;C:\Program Files (x86)\Intel\iCLS Client\;C:\Program Files\Intel\iCLS Client\;C:\Windows\system32;C:\Windows;C:\Windows\System32\Wbem;C:\Windows\System32\WindowsPowerShell\v1.0\;C:\Program Files (x86)\NVIDIA Corporation\PhysX\Common;C:\WINDOWS\system32;C:\WINDOWS;C:\WINDOWS\System32\Wbem;C:\WINDOWS\System32\WindowsPowerShell\v1.0\;C:\WINDOWS\System32\OpenSSH\;C:\Program Files (x86)\Intel\Intel(R) Management Engine Components\DAL;C:\Program Files\Intel\Intel(R) Management Engine Components\DAL;C:\Program Files (x86)\Intel\Intel(R) Management Engine Components\IPT;C:\Program Files\Intel\Intel(R) Management Engine Components\IPT;C:\Users\maxwe\AppData\Local\Microsoft\WindowsApps;;C:\Users\maxwe\Desktop;;.]
2019-02-13 14:51:15.030  INFO 46744 --- [restartedMain] o.a.c.c.C.[Tomcat].[localhost].[/]       : Initializing Spring embedded WebApplicationContext
2019-02-13 14:51:15.030  INFO 46744 --- [restartedMain] o.s.web.context.ContextLoader            : Root WebApplicationContext: initialization completed in 1662 ms
2019-02-13 14:51:15.487  INFO 46744 --- [restartedMain] com.zaxxer.hikari.HikariDataSource       : HikariPool-1 - Starting...
2019-02-13 14:51:15.591  INFO 46744 --- [restartedMain] com.zaxxer.hikari.HikariDataSource       : HikariPool-1 - Start completed.
2019-02-13 14:51:15.631  INFO 46744 --- [restartedMain] o.hibernate.jpa.internal.util.LogHelper  : HHH000204: Processing PersistenceUnitInfo [
	name: default
	...]
2019-02-13 14:51:15.694  INFO 46744 --- [restartedMain] org.hibernate.Version                    : HHH000412: Hibernate Core {5.3.7.Final}
2019-02-13 14:51:15.696  INFO 46744 --- [restartedMain] org.hibernate.cfg.Environment            : HHH000206: hibernate.properties not found
2019-02-13 14:51:15.857  INFO 46744 --- [restartedMain] o.hibernate.annotations.common.Version   : HCANN000001: Hibernate Commons Annotations {5.0.4.Final}
2019-02-13 14:51:15.996  INFO 46744 --- [restartedMain] org.hibernate.dialect.Dialect            : HHH000400: Using dialect: org.hibernate.dialect.MySQL5Dialect
2019-02-13 14:51:16.592  INFO 46744 --- [restartedMain] o.h.t.schema.internal.SchemaCreatorImpl  : HHH000476: Executing import script 'org.hibernate.tool.schema.internal.exec.ScriptSourceInputNonExistentImpl@3fbefaa9'
2019-02-13 14:51:16.594  INFO 46744 --- [restartedMain] j.LocalContainerEntityManagerFactoryBean : Initialized JPA EntityManagerFactory for persistence unit 'default'
2019-02-13 14:51:16.637  WARN 46744 --- [restartedMain] o.s.b.d.a.OptionalLiveReloadServer       : Unable to start LiveReload server
2019-02-13 14:51:17.079  INFO 46744 --- [restartedMain] o.s.s.concurrent.ThreadPoolTaskExecutor  : Initializing ExecutorService 'applicationTaskExecutor'
2019-02-13 14:51:17.118  WARN 46744 --- [restartedMain] aWebConfiguration$JpaWebMvcConfiguration : spring.jpa.open-in-view is enabled by default. Therefore, database queries may be performed during view rendering. Explicitly configure spring.jpa.open-in-view to disable this warning
2019-02-13 14:51:17.437  INFO 46744 --- [restartedMain] o.s.b.a.e.web.EndpointLinksResolver      : Exposing 2 endpoint(s) beneath base path '/actuator'
2019-02-13 14:51:17.513 ERROR 46744 --- [restartedMain] org.apache.catalina.util.LifecycleBase   : Failed to start component [Connector[HTTP/1.1-8080]]

org.apache.catalina.LifecycleException: Protocol handler start failed
	at org.apache.catalina.connector.Connector.startInternal(Connector.java:1004) ~[tomcat-embed-core-9.0.14.jar:9.0.14]
	at org.apache.catalina.util.LifecycleBase.start(LifecycleBase.java:183) ~[tomcat-embed-core-9.0.14.jar:9.0.14]
	at org.apache.catalina.core.StandardService.addConnector(StandardService.java:226) [tomcat-embed-core-9.0.14.jar:9.0.14]
	at org.springframework.boot.web.embedded.tomcat.TomcatWebServer.addPreviouslyRemovedConnectors(TomcatWebServer.java:259) [spring-boot-2.1.2.RELEASE.jar:2.1.2.RELEASE]
	at org.springframework.boot.web.embedded.tomcat.TomcatWebServer.start(TomcatWebServer.java:197) [spring-boot-2.1.2.RELEASE.jar:2.1.2.RELEASE]
	at org.springframework.boot.web.servlet.context.ServletWebServerApplicationContext.startWebServer(ServletWebServerApplicationContext.java:311) [spring-boot-2.1.2.RELEASE.jar:2.1.2.RELEASE]
	at org.springframework.boot.web.servlet.context.ServletWebServerApplicationContext.finishRefresh(ServletWebServerApplicationContext.java:164) [spring-boot-2.1.2.RELEASE.jar:2.1.2.RELEASE]
	at org.springframework.context.support.AbstractApplicationContext.refresh(AbstractApplicationContext.java:549) [spring-context-5.1.4.RELEASE.jar:5.1.4.RELEASE]
	at org.springframework.boot.web.servlet.context.ServletWebServerApplicationContext.refresh(ServletWebServerApplicationContext.java:142) [spring-boot-2.1.2.RELEASE.jar:2.1.2.RELEASE]
	at org.springframework.boot.SpringApplication.refresh(SpringApplication.java:775) [spring-boot-2.1.2.RELEASE.jar:2.1.2.RELEASE]
	at org.springframework.boot.SpringApplication.refreshContext(SpringApplication.java:397) [spring-boot-2.1.2.RELEASE.jar:2.1.2.RELEASE]
	at org.springframework.boot.SpringApplication.run(SpringApplication.java:316) [spring-boot-2.1.2.RELEASE.jar:2.1.2.RELEASE]
	at org.springframework.boot.SpringApplication.run(SpringApplication.java:1260) [spring-boot-2.1.2.RELEASE.jar:2.1.2.RELEASE]
	at org.springframework.boot.SpringApplication.run(SpringApplication.java:1248) [spring-boot-2.1.2.RELEASE.jar:2.1.2.RELEASE]
	at edu.se309.app.backend.Se309RpgApplication.main(Se309RpgApplication.java:10) [classes/:na]
	at sun.reflect.NativeMethodAccessorImpl.invoke0(Native Method) ~[na:1.8.0_201]
	at sun.reflect.NativeMethodAccessorImpl.invoke(Unknown Source) ~[na:1.8.0_201]
	at sun.reflect.DelegatingMethodAccessorImpl.invoke(Unknown Source) ~[na:1.8.0_201]
	at java.lang.reflect.Method.invoke(Unknown Source) ~[na:1.8.0_201]
	at org.springframework.boot.devtools.restart.RestartLauncher.run(RestartLauncher.java:49) [spring-boot-devtools-2.1.2.RELEASE.jar:2.1.2.RELEASE]
Caused by: java.net.BindException: Address already in use: bind
	at sun.nio.ch.Net.bind0(Native Method) ~[na:1.8.0_201]
	at sun.nio.ch.Net.bind(Unknown Source) ~[na:1.8.0_201]
	at sun.nio.ch.Net.bind(Unknown Source) ~[na:1.8.0_201]
	at sun.nio.ch.ServerSocketChannelImpl.bind(Unknown Source) ~[na:1.8.0_201]
	at sun.nio.ch.ServerSocketAdaptor.bind(Unknown Source) ~[na:1.8.0_201]
	at org.apache.tomcat.util.net.NioEndpoint.initServerSocket(NioEndpoint.java:236) ~[tomcat-embed-core-9.0.14.jar:9.0.14]
	at org.apache.tomcat.util.net.NioEndpoint.bind(NioEndpoint.java:210) ~[tomcat-embed-core-9.0.14.jar:9.0.14]
	at org.apache.tomcat.util.net.AbstractEndpoint.bindWithCleanup(AbstractEndpoint.java:1085) ~[tomcat-embed-core-9.0.14.jar:9.0.14]
	at org.apache.tomcat.util.net.AbstractEndpoint.start(AbstractEndpoint.java:1171) ~[tomcat-embed-core-9.0.14.jar:9.0.14]
	at org.apache.coyote.AbstractProtocol.start(AbstractProtocol.java:568) ~[tomcat-embed-core-9.0.14.jar:9.0.14]
	at org.apache.catalina.connector.Connector.startInternal(Connector.java:1001) ~[tomcat-embed-core-9.0.14.jar:9.0.14]
	... 19 common frames omitted

2019-02-13 14:51:17.520  INFO 46744 --- [restartedMain] o.apache.catalina.core.StandardService   : Stopping service [Tomcat]
2019-02-13 14:51:17.529  INFO 46744 --- [restartedMain] ConditionEvaluationReportLoggingListener : 

Error starting ApplicationContext. To display the conditions report re-run your application with 'debug' enabled.
2019-02-13 14:51:17.533 ERROR 46744 --- [restartedMain] o.s.b.d.LoggingFailureAnalysisReporter   : 

***************************
APPLICATION FAILED TO START
***************************

Description:

The Tomcat connector configured to listen on port 8080 failed to start. The port may already be in use or the connector may be misconfigured.

Action:

Verify the connector's configuration, identify and stop any process that's listening on port 8080, or configure this application to listen on another port.

2019-02-13 14:51:17.537  INFO 46744 --- [restartedMain] o.s.s.concurrent.ThreadPoolTaskExecutor  : Shutting down ExecutorService 'applicationTaskExecutor'
2019-02-13 14:51:17.538  INFO 46744 --- [restartedMain] j.LocalContainerEntityManagerFactoryBean : Closing JPA EntityManagerFactory for persistence unit 'default'
2019-02-13 14:51:17.542  INFO 46744 --- [restartedMain] com.zaxxer.hikari.HikariDataSource       : HikariPool-1 - Shutdown initiated...
2019-02-13 14:51:17.547  INFO 46744 --- [restartedMain] com.zaxxer.hikari.HikariDataSource       : HikariPool-1 - Shutdown completed.
2019-02-13 14:51:48.638  INFO 14196 --- [Thread-27] o.s.s.concurrent.ThreadPoolTaskExecutor  : Shutting down ExecutorService 'applicationTaskExecutor'
2019-02-13 14:51:48.641  INFO 14196 --- [Thread-27] j.LocalContainerEntityManagerFactoryBean : Closing JPA EntityManagerFactory for persistence unit 'default'
2019-02-13 14:51:48.643  INFO 14196 --- [Thread-27] com.zaxxer.hikari.HikariDataSource       : HikariPool-3 - Shutdown initiated...
2019-02-13 14:51:48.649  INFO 14196 --- [Thread-27] com.zaxxer.hikari.HikariDataSource       : HikariPool-3 - Shutdown completed.
2019-02-13 14:51:49.032  INFO 14196 --- [restartedMain] e.se309.app.backend.Se309RpgApplication  : Starting Se309RpgApplication on Jarvis with PID 14196 (C:\Users\maxwe\Desktop\temp\team_53\Backend\se339-RPG\target\classes started by maxwe in C:\Users\maxwe\Desktop\temp\team_53\Backend\se339-RPG)
2019-02-13 14:51:49.032  INFO 14196 --- [restartedMain] e.se309.app.backend.Se309RpgApplication  : No active profile set, falling back to default profiles: default
2019-02-13 14:51:49.511  INFO 14196 --- [restartedMain] .s.d.r.c.RepositoryConfigurationDelegate : Bootstrapping Spring Data repositories in DEFAULT mode.
2019-02-13 14:51:49.523  INFO 14196 --- [restartedMain] .s.d.r.c.RepositoryConfigurationDelegate : Finished Spring Data repository scanning in 12ms. Found 1 repository interfaces.
2019-02-13 14:51:49.587  INFO 14196 --- [restartedMain] trationDelegate$BeanPostProcessorChecker : Bean 'org.springframework.transaction.annotation.ProxyTransactionManagementConfiguration' of type [org.springframework.transaction.annotation.ProxyTransactionManagementConfiguration$$EnhancerBySpringCGLIB$$6fbc0e8b] is not eligible for getting processed by all BeanPostProcessors (for example: not eligible for auto-proxying)
2019-02-13 14:51:49.614  INFO 28280 --- [main] e.s.a.backend.Se309RpgApplicationTests   : Starting Se309RpgApplicationTests on Jarvis with PID 28280 (started by maxwe in C:\Users\maxwe\Desktop\temp\team_53\Backend\se339-RPG)
2019-02-13 14:51:49.615  INFO 28280 --- [main] e.s.a.backend.Se309RpgApplicationTests   : No active profile set, falling back to default profiles: default
2019-02-13 14:51:49.737  INFO 14196 --- [restartedMain] o.s.b.w.embedded.tomcat.TomcatWebServer  : Tomcat initialized with port(s): 8080 (http)
2019-02-13 14:51:49.738  INFO 14196 --- [restartedMain] o.apache.catalina.core.StandardService   : Starting service [Tomcat]
2019-02-13 14:51:49.739  INFO 14196 --- [restartedMain] org.apache.catalina.core.StandardEngine  : Starting Servlet engine: [Apache Tomcat/9.0.14]
2019-02-13 14:51:49.764  INFO 14196 --- [restartedMain] o.a.c.c.C.[Tomcat].[localhost].[/]       : Initializing Spring embedded WebApplicationContext
2019-02-13 14:51:49.764  INFO 14196 --- [restartedMain] o.s.web.context.ContextLoader            : Root WebApplicationContext: initialization completed in 730 ms
2019-02-13 14:51:50.063  INFO 14196 --- [restartedMain] com.zaxxer.hikari.HikariDataSource       : HikariPool-4 - Starting...
2019-02-13 14:51:50.068  INFO 14196 --- [restartedMain] com.zaxxer.hikari.HikariDataSource       : HikariPool-4 - Start completed.
2019-02-13 14:51:50.077  INFO 14196 --- [restartedMain] o.hibernate.jpa.internal.util.LogHelper  : HHH000204: Processing PersistenceUnitInfo [
	name: default
	...]
2019-02-13 14:51:50.090  INFO 14196 --- [restartedMain] org.hibernate.dialect.Dialect            : HHH000400: Using dialect: org.hibernate.dialect.MySQL5Dialect
2019-02-13 14:51:50.145  INFO 14196 --- [restartedMain] o.h.t.schema.internal.SchemaCreatorImpl  : HHH000476: Executing import script 'org.hibernate.tool.schema.internal.exec.ScriptSourceInputNonExistentImpl@1ccc704d'
2019-02-13 14:51:50.146  INFO 14196 --- [restartedMain] j.LocalContainerEntityManagerFactoryBean : Initialized JPA EntityManagerFactory for persistence unit 'default'
2019-02-13 14:51:50.170  INFO 14196 --- [restartedMain] o.s.b.d.a.OptionalLiveReloadServer       : LiveReload server is running on port 35729
2019-02-13 14:51:50.332  INFO 14196 --- [restartedMain] o.s.s.concurrent.ThreadPoolTaskExecutor  : Initializing ExecutorService 'applicationTaskExecutor'
2019-02-13 14:51:50.346  WARN 14196 --- [restartedMain] aWebConfiguration$JpaWebMvcConfiguration : spring.jpa.open-in-view is enabled by default. Therefore, database queries may be performed during view rendering. Explicitly configure spring.jpa.open-in-view to disable this warning
2019-02-13 14:51:50.534  INFO 14196 --- [restartedMain] o.s.b.a.e.web.EndpointLinksResolver      : Exposing 2 endpoint(s) beneath base path '/actuator'
2019-02-13 14:51:50.575  INFO 14196 --- [restartedMain] o.s.b.w.embedded.tomcat.TomcatWebServer  : Tomcat started on port(s): 8080 (http) with context path ''
2019-02-13 14:51:50.576  INFO 14196 --- [restartedMain] e.se309.app.backend.Se309RpgApplication  : Started Se309RpgApplication in 1.576 seconds (JVM running for 1213.692)
2019-02-13 14:51:50.584  INFO 14196 --- [restartedMain] .ConditionEvaluationDeltaLoggingListener : Condition evaluation unchanged
2019-02-13 14:51:50.889  INFO 28280 --- [main] .s.d.r.c.RepositoryConfigurationDelegate : Bootstrapping Spring Data repositories in DEFAULT mode.
2019-02-13 14:51:50.981  INFO 28280 --- [main] .s.d.r.c.RepositoryConfigurationDelegate : Finished Spring Data repository scanning in 82ms. Found 1 repository interfaces.
2019-02-13 14:51:51.534  INFO 28280 --- [main] trationDelegate$BeanPostProcessorChecker : Bean 'org.springframework.transaction.annotation.ProxyTransactionManagementConfiguration' of type [org.springframework.transaction.annotation.ProxyTransactionManagementConfiguration$$EnhancerBySpringCGLIB$$9aa208de] is not eligible for getting processed by all BeanPostProcessors (for example: not eligible for auto-proxying)
2019-02-13 14:51:51.822  INFO 28280 --- [main] com.zaxxer.hikari.HikariDataSource       : HikariPool-1 - Starting...
2019-02-13 14:51:52.057  INFO 28280 --- [main] com.zaxxer.hikari.HikariDataSource       : HikariPool-1 - Start completed.
2019-02-13 14:51:52.131  INFO 28280 --- [main] o.hibernate.jpa.internal.util.LogHelper  : HHH000204: Processing PersistenceUnitInfo [
	name: default
	...]
2019-02-13 14:51:52.256  INFO 28280 --- [main] org.hibernate.Version                    : HHH000412: Hibernate Core {5.3.7.Final}
2019-02-13 14:51:52.261  INFO 28280 --- [main] org.hibernate.cfg.Environment            : HHH000206: hibernate.properties not found
2019-02-13 14:51:52.529  INFO 28280 --- [main] o.hibernate.annotations.common.Version   : HCANN000001: Hibernate Commons Annotations {5.0.4.Final}
2019-02-13 14:51:52.950  INFO 28280 --- [main] org.hibernate.dialect.Dialect            : HHH000400: Using dialect: org.hibernate.dialect.MySQL5Dialect
2019-02-13 14:51:53.863  INFO 28280 --- [main] o.h.t.schema.internal.SchemaCreatorImpl  : HHH000476: Executing import script 'org.hibernate.tool.schema.internal.exec.ScriptSourceInputNonExistentImpl@14e750c5'
2019-02-13 14:51:53.866  INFO 28280 --- [main] j.LocalContainerEntityManagerFactoryBean : Initialized JPA EntityManagerFactory for persistence unit 'default'
2019-02-13 14:51:55.280  INFO 28280 --- [main] o.s.s.concurrent.ThreadPoolTaskExecutor  : Initializing ExecutorService 'applicationTaskExecutor'
2019-02-13 14:51:55.357  WARN 28280 --- [main] aWebConfiguration$JpaWebMvcConfiguration : spring.jpa.open-in-view is enabled by default. Therefore, database queries may be performed during view rendering. Explicitly configure spring.jpa.open-in-view to disable this warning
2019-02-13 14:51:56.383  INFO 28280 --- [main] o.s.b.a.e.web.EndpointLinksResolver      : Exposing 2 endpoint(s) beneath base path '/actuator'
2019-02-13 14:51:56.451  INFO 28280 --- [main] e.s.a.backend.Se309RpgApplicationTests   : Started Se309RpgApplicationTests in 7.212 seconds (JVM running for 8.201)
2019-02-13 14:51:56.690  INFO 28280 --- [Thread-5] o.s.s.concurrent.ThreadPoolTaskExecutor  : Shutting down ExecutorService 'applicationTaskExecutor'
2019-02-13 14:51:56.692  INFO 28280 --- [Thread-5] j.LocalContainerEntityManagerFactoryBean : Closing JPA EntityManagerFactory for persistence unit 'default'
2019-02-13 14:51:56.695  INFO 28280 --- [Thread-5] com.zaxxer.hikari.HikariDataSource       : HikariPool-1 - Shutdown initiated...
2019-02-13 14:51:56.698  INFO 28280 --- [Thread-5] com.zaxxer.hikari.HikariDataSource       : HikariPool-1 - Shutdown completed.
2019-02-13 14:52:06.383  INFO 19180 --- [restartedMain] e.se309.app.backend.Se309RpgApplication  : Starting Se309RpgApplication on Jarvis with PID 19180 (C:\Users\maxwe\Desktop\temp\team_53\Backend\se339-RPG\target\classes started by maxwe in C:\Users\maxwe\Desktop\temp\team_53\Backend\se339-RPG)
2019-02-13 14:52:06.385  INFO 19180 --- [restartedMain] e.se309.app.backend.Se309RpgApplication  : No active profile set, falling back to default profiles: default
2019-02-13 14:52:06.425  INFO 19180 --- [restartedMain] .e.DevToolsPropertyDefaultsPostProcessor : Devtools property defaults active! Set 'spring.devtools.add-properties' to 'false' to disable
2019-02-13 14:52:06.425  INFO 19180 --- [restartedMain] .e.DevToolsPropertyDefaultsPostProcessor : For additional web related logging consider setting the 'logging.level.web' property to 'DEBUG'
2019-02-13 14:52:07.393  INFO 19180 --- [restartedMain] .s.d.r.c.RepositoryConfigurationDelegate : Bootstrapping Spring Data repositories in DEFAULT mode.
2019-02-13 14:52:07.478  INFO 19180 --- [restartedMain] .s.d.r.c.RepositoryConfigurationDelegate : Finished Spring Data repository scanning in 72ms. Found 1 repository interfaces.
2019-02-13 14:52:08.044  INFO 19180 --- [restartedMain] trationDelegate$BeanPostProcessorChecker : Bean 'org.springframework.transaction.annotation.ProxyTransactionManagementConfiguration' of type [org.springframework.transaction.annotation.ProxyTransactionManagementConfiguration$$EnhancerBySpringCGLIB$$b44762f3] is not eligible for getting processed by all BeanPostProcessors (for example: not eligible for auto-proxying)
2019-02-13 14:52:08.399  INFO 19180 --- [restartedMain] o.s.b.w.embedded.tomcat.TomcatWebServer  : Tomcat initialized with port(s): 8080 (http)
2019-02-13 14:52:08.417  INFO 19180 --- [restartedMain] o.apache.catalina.core.StandardService   : Starting service [Tomcat]
2019-02-13 14:52:08.418  INFO 19180 --- [restartedMain] org.apache.catalina.core.StandardEngine  : Starting Servlet engine: [Apache Tomcat/9.0.14]
2019-02-13 14:52:08.425  INFO 19180 --- [restartedMain] o.a.catalina.core.AprLifecycleListener   : The APR based Apache Tomcat Native library which allows optimal performance in production environments was not found on the java.library.path: [C:\Program Files\Java\jre1.8.0_201\bin;C:\WINDOWS\Sun\Java\bin;C:\WINDOWS\system32;C:\WINDOWS;C:/Program Files/Java/jre1.8.0_201/bin/server;C:/Program Files/Java/jre1.8.0_201/bin;C:/Program Files/Java/jre1.8.0_201/lib/amd64;C:\Program Files (x86)\Common Files\Oracle\Java\javapath;C:\Program Files (x86)\Intel\iCLS Client\;C:\Program Files\Intel\iCLS Client\;C:\Windows\system32;C:\Windows;C:\Windows\System32\Wbem;C:\Windows\System32\WindowsPowerShell\v1.0\;C:\Program Files (x86)\NVIDIA Corporation\PhysX\Common;C:\WINDOWS\system32;C:\WINDOWS;C:\WINDOWS\System32\Wbem;C:\WINDOWS\System32\WindowsPowerShell\v1.0\;C:\WINDOWS\System32\OpenSSH\;C:\Program Files (x86)\Intel\Intel(R) Management Engine Components\DAL;C:\Program Files\Intel\Intel(R) Management Engine Components\DAL;C:\Program Files (x86)\Intel\Intel(R) Management Engine Components\IPT;C:\Program Files\Intel\Intel(R) Management Engine Components\IPT;C:\Users\maxwe\AppData\Local\Microsoft\WindowsApps;;C:\Users\maxwe\Desktop;;.]
2019-02-13 14:52:08.518  INFO 19180 --- [restartedMain] o.a.c.c.C.[Tomcat].[localhost].[/]       : Initializing Spring embedded WebApplicationContext
2019-02-13 14:52:08.519  INFO 19180 --- [restartedMain] o.s.web.context.ContextLoader            : Root WebApplicationContext: initialization completed in 2094 ms
2019-02-13 14:52:08.976  INFO 19180 --- [restartedMain] com.zaxxer.hikari.HikariDataSource       : HikariPool-1 - Starting...
2019-02-13 14:52:09.130  INFO 19180 --- [restartedMain] com.zaxxer.hikari.HikariDataSource       : HikariPool-1 - Start completed.
2019-02-13 14:52:09.209  INFO 19180 --- [restartedMain] o.hibernate.jpa.internal.util.LogHelper  : HHH000204: Processing PersistenceUnitInfo [
	name: default
	...]
2019-02-13 14:52:09.287  INFO 19180 --- [restartedMain] org.hibernate.Version                    : HHH000412: Hibernate Core {5.3.7.Final}
2019-02-13 14:52:09.289  INFO 19180 --- [restartedMain] org.hibernate.cfg.Environment            : HHH000206: hibernate.properties not found
2019-02-13 14:52:09.428  INFO 19180 --- [restartedMain] o.hibernate.annotations.common.Version   : HCANN000001: Hibernate Commons Annotations {5.0.4.Final}
2019-02-13 14:52:09.559  INFO 19180 --- [restartedMain] org.hibernate.dialect.Dialect            : HHH000400: Using dialect: org.hibernate.dialect.MySQL5Dialect
2019-02-13 14:52:10.167  INFO 19180 --- [restartedMain] o.h.t.schema.internal.SchemaCreatorImpl  : HHH000476: Executing import script 'org.hibernate.tool.schema.internal.exec.ScriptSourceInputNonExistentImpl@7b0a9755'
2019-02-13 14:52:10.170  INFO 19180 --- [restartedMain] j.LocalContainerEntityManagerFactoryBean : Initialized JPA EntityManagerFactory for persistence unit 'default'
2019-02-13 14:52:10.210  WARN 19180 --- [restartedMain] o.s.b.d.a.OptionalLiveReloadServer       : Unable to start LiveReload server
2019-02-13 14:52:10.665  INFO 19180 --- [restartedMain] o.s.s.concurrent.ThreadPoolTaskExecutor  : Initializing ExecutorService 'applicationTaskExecutor'
2019-02-13 14:52:10.705  WARN 19180 --- [restartedMain] aWebConfiguration$JpaWebMvcConfiguration : spring.jpa.open-in-view is enabled by default. Therefore, database queries may be performed during view rendering. Explicitly configure spring.jpa.open-in-view to disable this warning
2019-02-13 14:52:11.005  INFO 19180 --- [restartedMain] o.s.b.a.e.web.EndpointLinksResolver      : Exposing 2 endpoint(s) beneath base path '/actuator'
2019-02-13 14:52:11.071 ERROR 19180 --- [restartedMain] org.apache.catalina.util.LifecycleBase   : Failed to start component [Connector[HTTP/1.1-8080]]

org.apache.catalina.LifecycleException: Protocol handler start failed
	at org.apache.catalina.connector.Connector.startInternal(Connector.java:1004) ~[tomcat-embed-core-9.0.14.jar:9.0.14]
	at org.apache.catalina.util.LifecycleBase.start(LifecycleBase.java:183) ~[tomcat-embed-core-9.0.14.jar:9.0.14]
	at org.apache.catalina.core.StandardService.addConnector(StandardService.java:226) [tomcat-embed-core-9.0.14.jar:9.0.14]
	at org.springframework.boot.web.embedded.tomcat.TomcatWebServer.addPreviouslyRemovedConnectors(TomcatWebServer.java:259) [spring-boot-2.1.2.RELEASE.jar:2.1.2.RELEASE]
	at org.springframework.boot.web.embedded.tomcat.TomcatWebServer.start(TomcatWebServer.java:197) [spring-boot-2.1.2.RELEASE.jar:2.1.2.RELEASE]
	at org.springframework.boot.web.servlet.context.ServletWebServerApplicationContext.startWebServer(ServletWebServerApplicationContext.java:311) [spring-boot-2.1.2.RELEASE.jar:2.1.2.RELEASE]
	at org.springframework.boot.web.servlet.context.ServletWebServerApplicationContext.finishRefresh(ServletWebServerApplicationContext.java:164) [spring-boot-2.1.2.RELEASE.jar:2.1.2.RELEASE]
	at org.springframework.context.support.AbstractApplicationContext.refresh(AbstractApplicationContext.java:549) [spring-context-5.1.4.RELEASE.jar:5.1.4.RELEASE]
	at org.springframework.boot.web.servlet.context.ServletWebServerApplicationContext.refresh(ServletWebServerApplicationContext.java:142) [spring-boot-2.1.2.RELEASE.jar:2.1.2.RELEASE]
	at org.springframework.boot.SpringApplication.refresh(SpringApplication.java:775) [spring-boot-2.1.2.RELEASE.jar:2.1.2.RELEASE]
	at org.springframework.boot.SpringApplication.refreshContext(SpringApplication.java:397) [spring-boot-2.1.2.RELEASE.jar:2.1.2.RELEASE]
	at org.springframework.boot.SpringApplication.run(SpringApplication.java:316) [spring-boot-2.1.2.RELEASE.jar:2.1.2.RELEASE]
	at org.springframework.boot.SpringApplication.run(SpringApplication.java:1260) [spring-boot-2.1.2.RELEASE.jar:2.1.2.RELEASE]
	at org.springframework.boot.SpringApplication.run(SpringApplication.java:1248) [spring-boot-2.1.2.RELEASE.jar:2.1.2.RELEASE]
	at edu.se309.app.backend.Se309RpgApplication.main(Se309RpgApplication.java:10) [classes/:na]
	at sun.reflect.NativeMethodAccessorImpl.invoke0(Native Method) ~[na:1.8.0_201]
	at sun.reflect.NativeMethodAccessorImpl.invoke(Unknown Source) ~[na:1.8.0_201]
	at sun.reflect.DelegatingMethodAccessorImpl.invoke(Unknown Source) ~[na:1.8.0_201]
	at java.lang.reflect.Method.invoke(Unknown Source) ~[na:1.8.0_201]
	at org.springframework.boot.devtools.restart.RestartLauncher.run(RestartLauncher.java:49) [spring-boot-devtools-2.1.2.RELEASE.jar:2.1.2.RELEASE]
Caused by: java.net.BindException: Address already in use: bind
	at sun.nio.ch.Net.bind0(Native Method) ~[na:1.8.0_201]
	at sun.nio.ch.Net.bind(Unknown Source) ~[na:1.8.0_201]
	at sun.nio.ch.Net.bind(Unknown Source) ~[na:1.8.0_201]
	at sun.nio.ch.ServerSocketChannelImpl.bind(Unknown Source) ~[na:1.8.0_201]
	at sun.nio.ch.ServerSocketAdaptor.bind(Unknown Source) ~[na:1.8.0_201]
	at org.apache.tomcat.util.net.NioEndpoint.initServerSocket(NioEndpoint.java:236) ~[tomcat-embed-core-9.0.14.jar:9.0.14]
	at org.apache.tomcat.util.net.NioEndpoint.bind(NioEndpoint.java:210) ~[tomcat-embed-core-9.0.14.jar:9.0.14]
	at org.apache.tomcat.util.net.AbstractEndpoint.bindWithCleanup(AbstractEndpoint.java:1085) ~[tomcat-embed-core-9.0.14.jar:9.0.14]
	at org.apache.tomcat.util.net.AbstractEndpoint.start(AbstractEndpoint.java:1171) ~[tomcat-embed-core-9.0.14.jar:9.0.14]
	at org.apache.coyote.AbstractProtocol.start(AbstractProtocol.java:568) ~[tomcat-embed-core-9.0.14.jar:9.0.14]
	at org.apache.catalina.connector.Connector.startInternal(Connector.java:1001) ~[tomcat-embed-core-9.0.14.jar:9.0.14]
	... 19 common frames omitted

2019-02-13 14:52:11.076  INFO 19180 --- [restartedMain] o.apache.catalina.core.StandardService   : Stopping service [Tomcat]
2019-02-13 14:52:11.085  INFO 19180 --- [restartedMain] ConditionEvaluationReportLoggingListener : 

Error starting ApplicationContext. To display the conditions report re-run your application with 'debug' enabled.
2019-02-13 14:52:11.090 ERROR 19180 --- [restartedMain] o.s.b.d.LoggingFailureAnalysisReporter   : 

***************************
APPLICATION FAILED TO START
***************************

Description:

The Tomcat connector configured to listen on port 8080 failed to start. The port may already be in use or the connector may be misconfigured.

Action:

Verify the connector's configuration, identify and stop any process that's listening on port 8080, or configure this application to listen on another port.

2019-02-13 14:52:11.094  INFO 19180 --- [restartedMain] o.s.s.concurrent.ThreadPoolTaskExecutor  : Shutting down ExecutorService 'applicationTaskExecutor'
2019-02-13 14:52:11.095  INFO 19180 --- [restartedMain] j.LocalContainerEntityManagerFactoryBean : Closing JPA EntityManagerFactory for persistence unit 'default'
2019-02-13 14:52:11.098  INFO 19180 --- [restartedMain] com.zaxxer.hikari.HikariDataSource       : HikariPool-1 - Shutdown initiated...
2019-02-13 14:52:11.101  INFO 19180 --- [restartedMain] com.zaxxer.hikari.HikariDataSource       : HikariPool-1 - Shutdown completed.
2019-02-13 14:52:24.063  INFO 14196 --- [http-nio-8080-exec-1] o.a.c.c.C.[Tomcat].[localhost].[/]       : Initializing Spring DispatcherServlet 'dispatcherServlet'
2019-02-13 14:52:24.064  INFO 14196 --- [http-nio-8080-exec-1] o.s.web.servlet.DispatcherServlet        : Initializing Servlet 'dispatcherServlet'
2019-02-13 14:52:24.074  INFO 14196 --- [http-nio-8080-exec-1] o.s.web.servlet.DispatcherServlet        : Completed initialization in 10 ms
2019-02-13 14:53:00.099  INFO 14196 --- [http-nio-8080-exec-5] o.h.h.i.QueryTranslatorFactoryInitiator  : HHH000397: Using ASTQueryTranslatorFactory
2019-02-13 14:53:02.527  INFO 14196 --- [http-nio-8080-exec-8] e.s.a.b.monsterspawn.MonstersController  : Entered into Controller Layer
2019-02-13 14:53:02.542  INFO 14196 --- [http-nio-8080-exec-8] e.s.a.b.monsterspawn.MonstersController  : Number of Records Fetched:50
2019-02-13 14:53:07.489  INFO 14196 --- [http-nio-8080-exec-10] e.s.a.b.monsterspawn.MonstersController  : Entered into Controller Layer
2019-02-13 14:53:07.498  INFO 14196 --- [http-nio-8080-exec-10] e.s.a.b.monsterspawn.MonstersController  : Number of Records Fetched:50
2019-02-13 14:53:10.805  INFO 14196 --- [http-nio-8080-exec-1] e.s.a.b.monsterspawn.MonstersController  : Entered into Controller Layer
2019-02-13 14:53:13.600  INFO 14196 --- [http-nio-8080-exec-2] e.s.a.b.monsterspawn.MonstersController  : Entered into Controller Layer
2019-02-13 14:53:17.478  INFO 14196 --- [http-nio-8080-exec-4] e.s.a.b.monsterspawn.MonstersController  : Entered into Controller Layer
2019-02-13 14:53:20.758  INFO 14196 --- [http-nio-8080-exec-5] e.s.a.b.monsterspawn.MonstersController  : Entered into Controller Layer
2019-02-13 14:53:21.219  INFO 14196 --- [http-nio-8080-exec-6] e.s.a.b.monsterspawn.MonstersController  : Entered into Controller Layer
2019-02-13 14:53:21.231 ERROR 14196 --- [http-nio-8080-exec-6] o.a.c.c.C.[.[.[/].[dispatcherServlet]    : Servlet.service() for servlet [dispatcherServlet] in context with path [] threw exception [Request processing failed; nested exception is java.util.NoSuchElementException: No value present] with root cause

java.util.NoSuchElementException: No value present
	at java.util.Optional.get(Unknown Source) ~[na:1.8.0_201]
	at edu.se309.app.backend.monsterspawn.MonstersController.findById(MonstersController.java:90) ~[classes/:na]
	at sun.reflect.NativeMethodAccessorImpl.invoke0(Native Method) ~[na:1.8.0_201]
	at sun.reflect.NativeMethodAccessorImpl.invoke(Unknown Source) ~[na:1.8.0_201]
	at sun.reflect.DelegatingMethodAccessorImpl.invoke(Unknown Source) ~[na:1.8.0_201]
	at java.lang.reflect.Method.invoke(Unknown Source) ~[na:1.8.0_201]
	at org.springframework.web.method.support.InvocableHandlerMethod.doInvoke(InvocableHandlerMethod.java:189) ~[spring-web-5.1.4.RELEASE.jar:5.1.4.RELEASE]
	at org.springframework.web.method.support.InvocableHandlerMethod.invokeForRequest(InvocableHandlerMethod.java:138) ~[spring-web-5.1.4.RELEASE.jar:5.1.4.RELEASE]
	at org.springframework.web.servlet.mvc.method.annotation.ServletInvocableHandlerMethod.invokeAndHandle(ServletInvocableHandlerMethod.java:102) ~[spring-webmvc-5.1.4.RELEASE.jar:5.1.4.RELEASE]
	at org.springframework.web.servlet.mvc.method.annotation.RequestMappingHandlerAdapter.invokeHandlerMethod(RequestMappingHandlerAdapter.java:895) ~[spring-webmvc-5.1.4.RELEASE.jar:5.1.4.RELEASE]
	at org.springframework.web.servlet.mvc.method.annotation.RequestMappingHandlerAdapter.handleInternal(RequestMappingHandlerAdapter.java:800) ~[spring-webmvc-5.1.4.RELEASE.jar:5.1.4.RELEASE]
	at org.springframework.web.servlet.mvc.method.AbstractHandlerMethodAdapter.handle(AbstractHandlerMethodAdapter.java:87) ~[spring-webmvc-5.1.4.RELEASE.jar:5.1.4.RELEASE]
	at org.springframework.web.servlet.DispatcherServlet.doDispatch(DispatcherServlet.java:1038) ~[spring-webmvc-5.1.4.RELEASE.jar:5.1.4.RELEASE]
	at org.springframework.web.servlet.DispatcherServlet.doService(DispatcherServlet.java:942) ~[spring-webmvc-5.1.4.RELEASE.jar:5.1.4.RELEASE]
	at org.springframework.web.servlet.FrameworkServlet.processRequest(FrameworkServlet.java:1005) ~[spring-webmvc-5.1.4.RELEASE.jar:5.1.4.RELEASE]
	at org.springframework.web.servlet.FrameworkServlet.doGet(FrameworkServlet.java:897) ~[spring-webmvc-5.1.4.RELEASE.jar:5.1.4.RELEASE]
	at javax.servlet.http.HttpServlet.service(HttpServlet.java:634) ~[tomcat-embed-core-9.0.14.jar:9.0.14]
	at org.springframework.web.servlet.FrameworkServlet.service(FrameworkServlet.java:882) ~[spring-webmvc-5.1.4.RELEASE.jar:5.1.4.RELEASE]
	at javax.servlet.http.HttpServlet.service(HttpServlet.java:741) ~[tomcat-embed-core-9.0.14.jar:9.0.14]
	at org.apache.catalina.core.ApplicationFilterChain.internalDoFilter(ApplicationFilterChain.java:231) ~[tomcat-embed-core-9.0.14.jar:9.0.14]
	at org.apache.catalina.core.ApplicationFilterChain.doFilter(ApplicationFilterChain.java:166) ~[tomcat-embed-core-9.0.14.jar:9.0.14]
	at org.apache.tomcat.websocket.server.WsFilter.doFilter(WsFilter.java:53) ~[tomcat-embed-websocket-9.0.14.jar:9.0.14]
	at org.apache.catalina.core.ApplicationFilterChain.internalDoFilter(ApplicationFilterChain.java:193) ~[tomcat-embed-core-9.0.14.jar:9.0.14]
	at org.apache.catalina.core.ApplicationFilterChain.doFilter(ApplicationFilterChain.java:166) ~[tomcat-embed-core-9.0.14.jar:9.0.14]
	at org.springframework.boot.actuate.web.trace.servlet.HttpTraceFilter.doFilterInternal(HttpTraceFilter.java:90) ~[spring-boot-actuator-2.1.2.RELEASE.jar:2.1.2.RELEASE]
	at org.springframework.web.filter.OncePerRequestFilter.doFilter(OncePerRequestFilter.java:107) ~[spring-web-5.1.4.RELEASE.jar:5.1.4.RELEASE]
	at org.apache.catalina.core.ApplicationFilterChain.internalDoFilter(ApplicationFilterChain.java:193) ~[tomcat-embed-core-9.0.14.jar:9.0.14]
	at org.apache.catalina.core.ApplicationFilterChain.doFilter(ApplicationFilterChain.java:166) ~[tomcat-embed-core-9.0.14.jar:9.0.14]
	at org.springframework.web.filter.RequestContextFilter.doFilterInternal(RequestContextFilter.java:99) ~[spring-web-5.1.4.RELEASE.jar:5.1.4.RELEASE]
	at org.springframework.web.filter.OncePerRequestFilter.doFilter(OncePerRequestFilter.java:107) ~[spring-web-5.1.4.RELEASE.jar:5.1.4.RELEASE]
	at org.apache.catalina.core.ApplicationFilterChain.internalDoFilter(ApplicationFilterChain.java:193) ~[tomcat-embed-core-9.0.14.jar:9.0.14]
	at org.apache.catalina.core.ApplicationFilterChain.doFilter(ApplicationFilterChain.java:166) ~[tomcat-embed-core-9.0.14.jar:9.0.14]
	at org.springframework.web.filter.FormContentFilter.doFilterInternal(FormContentFilter.java:92) ~[spring-web-5.1.4.RELEASE.jar:5.1.4.RELEASE]
	at org.springframework.web.filter.OncePerRequestFilter.doFilter(OncePerRequestFilter.java:107) ~[spring-web-5.1.4.RELEASE.jar:5.1.4.RELEASE]
	at org.apache.catalina.core.ApplicationFilterChain.internalDoFilter(ApplicationFilterChain.java:193) ~[tomcat-embed-core-9.0.14.jar:9.0.14]
	at org.apache.catalina.core.ApplicationFilterChain.doFilter(ApplicationFilterChain.java:166) ~[tomcat-embed-core-9.0.14.jar:9.0.14]
	at org.springframework.web.filter.HiddenHttpMethodFilter.doFilterInternal(HiddenHttpMethodFilter.java:93) ~[spring-web-5.1.4.RELEASE.jar:5.1.4.RELEASE]
	at org.springframework.web.filter.OncePerRequestFilter.doFilter(OncePerRequestFilter.java:107) ~[spring-web-5.1.4.RELEASE.jar:5.1.4.RELEASE]
	at org.apache.catalina.core.ApplicationFilterChain.internalDoFilter(ApplicationFilterChain.java:193) ~[tomcat-embed-core-9.0.14.jar:9.0.14]
	at org.apache.catalina.core.ApplicationFilterChain.doFilter(ApplicationFilterChain.java:166) ~[tomcat-embed-core-9.0.14.jar:9.0.14]
	at org.springframework.boot.actuate.metrics.web.servlet.WebMvcMetricsFilter.filterAndRecordMetrics(WebMvcMetricsFilter.java:117) ~[spring-boot-actuator-2.1.2.RELEASE.jar:2.1.2.RELEASE]
	at org.springframework.boot.actuate.metrics.web.servlet.WebMvcMetricsFilter.doFilterInternal(WebMvcMetricsFilter.java:106) ~[spring-boot-actuator-2.1.2.RELEASE.jar:2.1.2.RELEASE]
	at org.springframework.web.filter.OncePerRequestFilter.doFilter(OncePerRequestFilter.java:107) ~[spring-web-5.1.4.RELEASE.jar:5.1.4.RELEASE]
	at org.apache.catalina.core.ApplicationFilterChain.internalDoFilter(ApplicationFilterChain.java:193) ~[tomcat-embed-core-9.0.14.jar:9.0.14]
	at org.apache.catalina.core.ApplicationFilterChain.doFilter(ApplicationFilterChain.java:166) ~[tomcat-embed-core-9.0.14.jar:9.0.14]
	at org.springframework.web.filter.CharacterEncodingFilter.doFilterInternal(CharacterEncodingFilter.java:200) ~[spring-web-5.1.4.RELEASE.jar:5.1.4.RELEASE]
	at org.springframework.web.filter.OncePerRequestFilter.doFilter(OncePerRequestFilter.java:107) ~[spring-web-5.1.4.RELEASE.jar:5.1.4.RELEASE]
	at org.apache.catalina.core.ApplicationFilterChain.internalDoFilter(ApplicationFilterChain.java:193) ~[tomcat-embed-core-9.0.14.jar:9.0.14]
	at org.apache.catalina.core.ApplicationFilterChain.doFilter(ApplicationFilterChain.java:166) ~[tomcat-embed-core-9.0.14.jar:9.0.14]
	at org.apache.catalina.core.StandardWrapperValve.invoke(StandardWrapperValve.java:199) ~[tomcat-embed-core-9.0.14.jar:9.0.14]
	at org.apache.catalina.core.StandardContextValve.invoke(StandardContextValve.java:96) [tomcat-embed-core-9.0.14.jar:9.0.14]
	at org.apache.catalina.authenticator.AuthenticatorBase.invoke(AuthenticatorBase.java:490) [tomcat-embed-core-9.0.14.jar:9.0.14]
	at org.apache.catalina.core.StandardHostValve.invoke(StandardHostValve.java:139) [tomcat-embed-core-9.0.14.jar:9.0.14]
	at org.apache.catalina.valves.ErrorReportValve.invoke(ErrorReportValve.java:92) [tomcat-embed-core-9.0.14.jar:9.0.14]
	at org.apache.catalina.core.StandardEngineValve.invoke(StandardEngineValve.java:74) [tomcat-embed-core-9.0.14.jar:9.0.14]
	at org.apache.catalina.connector.CoyoteAdapter.service(CoyoteAdapter.java:343) [tomcat-embed-core-9.0.14.jar:9.0.14]
	at org.apache.coyote.http11.Http11Processor.service(Http11Processor.java:408) [tomcat-embed-core-9.0.14.jar:9.0.14]
	at org.apache.coyote.AbstractProcessorLight.process(AbstractProcessorLight.java:66) [tomcat-embed-core-9.0.14.jar:9.0.14]
	at org.apache.coyote.AbstractProtocol$ConnectionHandler.process(AbstractProtocol.java:834) [tomcat-embed-core-9.0.14.jar:9.0.14]
	at org.apache.tomcat.util.net.NioEndpoint$SocketProcessor.doRun(NioEndpoint.java:1417) [tomcat-embed-core-9.0.14.jar:9.0.14]
	at org.apache.tomcat.util.net.SocketProcessorBase.run(SocketProcessorBase.java:49) [tomcat-embed-core-9.0.14.jar:9.0.14]
	at java.util.concurrent.ThreadPoolExecutor.runWorker(Unknown Source) [na:1.8.0_201]
	at java.util.concurrent.ThreadPoolExecutor$Worker.run(Unknown Source) [na:1.8.0_201]
	at org.apache.tomcat.util.threads.TaskThread$WrappingRunnable.run(TaskThread.java:61) [tomcat-embed-core-9.0.14.jar:9.0.14]
	at java.lang.Thread.run(Unknown Source) [na:1.8.0_201]

2019-02-13 14:57:27.470  INFO 14196 --- [Thread-37] o.s.s.concurrent.ThreadPoolTaskExecutor  : Shutting down ExecutorService 'applicationTaskExecutor'
2019-02-13 14:57:27.472  INFO 14196 --- [Thread-37] j.LocalContainerEntityManagerFactoryBean : Closing JPA EntityManagerFactory for persistence unit 'default'
2019-02-13 14:57:27.477  INFO 14196 --- [Thread-37] com.zaxxer.hikari.HikariDataSource       : HikariPool-4 - Shutdown initiated...
2019-02-13 14:57:27.497  INFO 14196 --- [Thread-37] com.zaxxer.hikari.HikariDataSource       : HikariPool-4 - Shutdown completed.
2019-02-13 14:57:27.866  INFO 14196 --- [restartedMain] e.se309.app.backend.Se309RpgApplication  : Starting Se309RpgApplication on Jarvis with PID 14196 (C:\Users\maxwe\Desktop\temp\team_53\Backend\se339-RPG\target\classes started by maxwe in C:\Users\maxwe\Desktop\temp\team_53\Backend\se339-RPG)
2019-02-13 14:57:27.866  INFO 14196 --- [restartedMain] e.se309.app.backend.Se309RpgApplication  : No active profile set, falling back to default profiles: default
2019-02-13 14:57:28.227  INFO 14196 --- [restartedMain] .s.d.r.c.RepositoryConfigurationDelegate : Bootstrapping Spring Data repositories in DEFAULT mode.
2019-02-13 14:57:28.237  INFO 14196 --- [restartedMain] .s.d.r.c.RepositoryConfigurationDelegate : Finished Spring Data repository scanning in 9ms. Found 1 repository interfaces.
2019-02-13 14:57:28.280  INFO 14196 --- [restartedMain] trationDelegate$BeanPostProcessorChecker : Bean 'org.springframework.transaction.annotation.ProxyTransactionManagementConfiguration' of type [org.springframework.transaction.annotation.ProxyTransactionManagementConfiguration$$EnhancerBySpringCGLIB$$6fbc0e8b] is not eligible for getting processed by all BeanPostProcessors (for example: not eligible for auto-proxying)
2019-02-13 14:57:28.376  INFO 14196 --- [restartedMain] o.s.b.w.embedded.tomcat.TomcatWebServer  : Tomcat initialized with port(s): 8080 (http)
2019-02-13 14:57:28.376  INFO 14196 --- [restartedMain] o.apache.catalina.core.StandardService   : Starting service [Tomcat]
2019-02-13 14:57:28.377  INFO 14196 --- [restartedMain] org.apache.catalina.core.StandardEngine  : Starting Servlet engine: [Apache Tomcat/9.0.14]
2019-02-13 14:57:28.391  INFO 14196 --- [restartedMain] o.a.c.c.C.[Tomcat].[localhost].[/]       : Initializing Spring embedded WebApplicationContext
2019-02-13 14:57:28.391  INFO 14196 --- [restartedMain] o.s.web.context.ContextLoader            : Root WebApplicationContext: initialization completed in 523 ms
2019-02-13 14:57:28.527  INFO 14196 --- [restartedMain] com.zaxxer.hikari.HikariDataSource       : HikariPool-5 - Starting...
2019-02-13 14:57:28.531  INFO 14196 --- [restartedMain] com.zaxxer.hikari.HikariDataSource       : HikariPool-5 - Start completed.
2019-02-13 14:57:28.537  INFO 14196 --- [restartedMain] o.hibernate.jpa.internal.util.LogHelper  : HHH000204: Processing PersistenceUnitInfo [
	name: default
	...]
2019-02-13 14:57:28.545  INFO 14196 --- [restartedMain] org.hibernate.dialect.Dialect            : HHH000400: Using dialect: org.hibernate.dialect.MySQL5Dialect
2019-02-13 14:57:28.576  INFO 14196 --- [restartedMain] o.h.t.schema.internal.SchemaCreatorImpl  : HHH000476: Executing import script 'org.hibernate.tool.schema.internal.exec.ScriptSourceInputNonExistentImpl@1ccc704d'
2019-02-13 14:57:28.577  INFO 14196 --- [restartedMain] j.LocalContainerEntityManagerFactoryBean : Initialized JPA EntityManagerFactory for persistence unit 'default'
2019-02-13 14:57:28.603  INFO 14196 --- [restartedMain] o.s.b.d.a.OptionalLiveReloadServer       : LiveReload server is running on port 35729
2019-02-13 14:57:28.722  INFO 14196 --- [restartedMain] o.s.s.concurrent.ThreadPoolTaskExecutor  : Initializing ExecutorService 'applicationTaskExecutor'
2019-02-13 14:57:28.728  WARN 14196 --- [restartedMain] aWebConfiguration$JpaWebMvcConfiguration : spring.jpa.open-in-view is enabled by default. Therefore, database queries may be performed during view rendering. Explicitly configure spring.jpa.open-in-view to disable this warning
2019-02-13 14:57:28.833  INFO 14196 --- [restartedMain] o.s.b.a.e.web.EndpointLinksResolver      : Exposing 2 endpoint(s) beneath base path '/actuator'
2019-02-13 14:57:28.862  INFO 14196 --- [restartedMain] o.s.b.w.embedded.tomcat.TomcatWebServer  : Tomcat started on port(s): 8080 (http) with context path ''
2019-02-13 14:57:28.863  INFO 14196 --- [restartedMain] e.se309.app.backend.Se309RpgApplication  : Started Se309RpgApplication in 1.019 seconds (JVM running for 1551.979)
2019-02-13 14:57:28.867  INFO 14196 --- [restartedMain] .ConditionEvaluationDeltaLoggingListener : Condition evaluation unchanged
