2019-02-05 13:48:25.205  INFO 9300 --- [restartedMain] o.s.s.petclinic.PetClinicApplication     : Starting PetClinicApplication on cndallas-Lenovo-YOGA-720-15IKB with PID 9300 (/home/cndallas/Documents/Spring_Workspace/SE309/team_53/Experiments/Dallas/petclinic-mysql/Spring/target/classes started by cndallas in /home/cndallas/Documents/Spring_Workspace/SE309/team_53/Experiments/Dallas/petclinic-mysql/Spring)
2019-02-05 13:48:25.208  INFO 9300 --- [restartedMain] o.s.s.petclinic.PetClinicApplication     : No active profile set, falling back to default profiles: default
2019-02-05 13:48:25.235  INFO 9300 --- [restartedMain] .e.DevToolsPropertyDefaultsPostProcessor : Devtools property defaults active! Set 'spring.devtools.add-properties' to 'false' to disable
2019-02-05 13:48:25.236  INFO 9300 --- [restartedMain] .e.DevToolsPropertyDefaultsPostProcessor : For additional web related logging consider setting the 'logging.level.web' property to 'DEBUG'
2019-02-05 13:48:25.937  INFO 9300 --- [restartedMain] .s.d.r.c.RepositoryConfigurationDelegate : Bootstrapping Spring Data repositories in DEFAULT mode.
2019-02-05 13:48:25.979  INFO 9300 --- [restartedMain] .s.d.r.c.RepositoryConfigurationDelegate : Finished Spring Data repository scanning in 36ms. Found 1 repository interfaces.
2019-02-05 13:48:26.350  INFO 9300 --- [restartedMain] trationDelegate$BeanPostProcessorChecker : Bean 'org.springframework.transaction.annotation.ProxyTransactionManagementConfiguration' of type [org.springframework.transaction.annotation.ProxyTransactionManagementConfiguration$$EnhancerBySpringCGLIB$$b1ca89ed] is not eligible for getting processed by all BeanPostProcessors (for example: not eligible for auto-proxying)
2019-02-05 13:48:26.728  INFO 9300 --- [restartedMain] o.s.b.w.embedded.tomcat.TomcatWebServer  : Tomcat initialized with port(s): 8080 (http)
2019-02-05 13:48:26.754  INFO 9300 --- [restartedMain] o.apache.catalina.core.StandardService   : Starting service [Tomcat]
2019-02-05 13:48:26.755  INFO 9300 --- [restartedMain] org.apache.catalina.core.StandardEngine  : Starting Servlet engine: [Apache Tomcat/9.0.14]
2019-02-05 13:48:26.764  INFO 9300 --- [restartedMain] o.a.catalina.core.AprLifecycleListener   : The APR based Apache Tomcat Native library which allows optimal performance in production environments was not found on the java.library.path: [/usr/java/packages/lib:/usr/lib/x86_64-linux-gnu/jni:/lib/x86_64-linux-gnu:/usr/lib/x86_64-linux-gnu:/usr/lib/jni:/lib:/usr/lib]
2019-02-05 13:48:26.842  INFO 9300 --- [restartedMain] o.a.c.c.C.[Tomcat].[localhost].[/]       : Initializing Spring embedded WebApplicationContext
2019-02-05 13:48:26.843  INFO 9300 --- [restartedMain] o.s.web.context.ContextLoader            : Root WebApplicationContext: initialization completed in 1607 ms
2019-02-05 13:48:27.345  INFO 9300 --- [restartedMain] com.zaxxer.hikari.HikariDataSource       : HikariPool-1 - Starting...
2019-02-05 13:48:27.440  INFO 9300 --- [restartedMain] com.zaxxer.hikari.HikariDataSource       : HikariPool-1 - Start completed.
2019-02-05 13:48:27.483  INFO 9300 --- [restartedMain] o.hibernate.jpa.internal.util.LogHelper  : HHH000204: Processing PersistenceUnitInfo [
	name: default
	...]
2019-02-05 13:48:27.533  INFO 9300 --- [restartedMain] org.hibernate.Version                    : HHH000412: Hibernate Core {5.3.7.Final}
2019-02-05 13:48:27.534  INFO 9300 --- [restartedMain] org.hibernate.cfg.Environment            : HHH000206: hibernate.properties not found
2019-02-05 13:48:27.630  INFO 9300 --- [restartedMain] o.hibernate.annotations.common.Version   : HCANN000001: Hibernate Commons Annotations {5.0.4.Final}
2019-02-05 13:48:27.705  INFO 9300 --- [restartedMain] org.hibernate.dialect.Dialect            : HHH000400: Using dialect: org.hibernate.dialect.MySQL5Dialect
2019-02-05 13:48:28.069  INFO 9300 --- [restartedMain] o.h.t.schema.internal.SchemaCreatorImpl  : HHH000476: Executing import script 'org.hibernate.tool.schema.internal.exec.ScriptSourceInputNonExistentImpl@3d507deb'
2019-02-05 13:48:28.071  INFO 9300 --- [restartedMain] j.LocalContainerEntityManagerFactoryBean : Initialized JPA EntityManagerFactory for persistence unit 'default'
2019-02-05 13:48:28.102  INFO 9300 --- [restartedMain] o.s.b.d.a.OptionalLiveReloadServer       : LiveReload server is running on port 35729
2019-02-05 13:48:28.396  INFO 9300 --- [restartedMain] o.s.s.concurrent.ThreadPoolTaskExecutor  : Initializing ExecutorService 'applicationTaskExecutor'
2019-02-05 13:48:28.677  INFO 9300 --- [restartedMain] o.s.b.a.e.web.EndpointLinksResolver      : Exposing 2 endpoint(s) beneath base path '/actuator'
2019-02-05 13:48:28.737  INFO 9300 --- [restartedMain] o.s.b.w.embedded.tomcat.TomcatWebServer  : Tomcat started on port(s): 8080 (http) with context path ''
2019-02-05 13:48:28.741  INFO 9300 --- [restartedMain] o.s.s.petclinic.PetClinicApplication     : Started PetClinicApplication in 3.798 seconds (JVM running for 4.359)
